naive 32 1 Exec-time: 9.38503 ms
shared_memory 32 1 Exec-time: 10.1255 ms
naive 32 2 Exec-time: 7.61402 ms
shared_memory 32 2 Exec-time: 6.54469 ms
naive 32 3 Exec-time: 7.62611 ms
shared_memory 32 3 Exec-time: 5.8261 ms
naive 32 4 Exec-time: 7.64202 ms
shared_memory 32 4 Exec-time: 5.53383 ms
naive 32 5 Exec-time: 7.69935 ms
shared_memory 32 5 Exec-time: 5.80505 ms
naive 32 6 Exec-time: 7.70589 ms
shared_memory 32 6 Exec-time: 5.7288 ms
naive 32 7 Exec-time: 7.6876 ms
shared_memory 32 7 Exec-time: 5.5919 ms
naive 32 8 Exec-time: 7.70233 ms
shared_memory 32 8 Exec-time: 5.4919 ms
naive 32 9 Exec-time: 7.736 ms
shared_memory 32 9 Exec-time: 5.54269 ms
naive 32 10 Exec-time: 7.75623 ms
shared_memory 32 10 Exec-time: 5.63445 ms
naive 32 11 Exec-time: 7.85178 ms
shared_memory 32 11 Exec-time: 5.98354 ms
naive 32 12 Exec-time: 7.77023 ms
shared_memory 32 12 Exec-time: 5.6461 ms
naive 32 13 Exec-time: 8.01226 ms
shared_memory 32 13 Exec-time: 6.22453 ms
naive 32 14 Exec-time: 7.85551 ms
shared_memory 32 14 Exec-time: 5.88871 ms
naive 32 15 Exec-time: 7.83339 ms
shared_memory 32 15 Exec-time: 5.68791 ms
naive 32 16 Exec-time: 7.78866 ms
shared_memory 32 16 Exec-time: 5.49912 ms
naive 32 17 Exec-time: 8.1974 ms
shared_memory 32 17 Exec-time: 6.35041 ms
naive 32 18 Exec-time: 8.0336 ms
shared_memory 32 18 Exec-time: 6.03179 ms
naive 32 19 Exec-time: 8.02643 ms
shared_memory 32 19 Exec-time: 5.95257 ms
naive 32 20 Exec-time: 7.93042 ms
shared_memory 32 20 Exec-time: 5.76784 ms
naive 32 21 Exec-time: 7.92984 ms
shared_memory 32 21 Exec-time: 5.71586 ms
naive 32 22 Exec-time: 8.40914 ms
shared_memory 32 22 Exec-time: 7.07257 ms
naive 32 23 Exec-time: 8.37399 ms
shared_memory 32 23 Exec-time: 6.8143 ms
naive 32 24 Exec-time: 8.31447 ms
shared_memory 32 24 Exec-time: 6.81703 ms
naive 32 25 Exec-time: 8.32194 ms
shared_memory 32 25 Exec-time: 6.56227 ms
naive 32 26 Exec-time: 8.22619 ms
shared_memory 32 26 Exec-time: 6.48839 ms
naive 32 27 Exec-time: 7.99194 ms
shared_memory 32 27 Exec-time: 6.22751 ms
naive 32 28 Exec-time: 7.99323 ms
shared_memory 32 28 Exec-time: 6.28802 ms
naive 32 29 Exec-time: 8.00041 ms
shared_memory 32 29 Exec-time: 6.00298 ms
naive 32 30 Exec-time: 7.95624 ms
shared_memory 32 30 Exec-time: 6.07809 ms
naive 32 31 Exec-time: 7.94665 ms
shared_memory 32 31 Exec-time: 5.91353 ms
naive 32 32 Exec-time: 7.9128 ms
shared_memory 32 32 Exec-time: 5.99733 ms
naive 64 1 Exec-time: 7.61335 ms
shared_memory 64 1 Exec-time: 6.45556 ms
naive 64 2 Exec-time: 7.63395 ms
shared_memory 64 2 Exec-time: 5.51373 ms
naive 64 3 Exec-time: 7.67922 ms
shared_memory 64 3 Exec-time: 5.56476 ms
naive 64 4 Exec-time: 7.68758 ms
shared_memory 64 4 Exec-time: 5.31923 ms
naive 64 5 Exec-time: 7.74407 ms
shared_memory 64 5 Exec-time: 5.59844 ms
naive 64 6 Exec-time: 7.77185 ms
shared_memory 64 6 Exec-time: 5.61321 ms
naive 64 7 Exec-time: 7.8858 ms
shared_memory 64 7 Exec-time: 5.88711 ms
naive 64 8 Exec-time: 7.81482 ms
shared_memory 64 8 Exec-time: 5.40644 ms
naive 64 9 Exec-time: 8.08103 ms
shared_memory 64 9 Exec-time: 6.09364 ms
naive 64 10 Exec-time: 7.96507 ms
shared_memory 64 10 Exec-time: 5.69854 ms
naive 64 11 Exec-time: 8.50816 ms
shared_memory 64 11 Exec-time: 7.09259 ms
naive 64 12 Exec-time: 8.41655 ms
shared_memory 64 12 Exec-time: 6.72111 ms
naive 64 13 Exec-time: 8.2878 ms
shared_memory 64 13 Exec-time: 6.28359 ms
naive 64 14 Exec-time: 8.02257 ms
shared_memory 64 14 Exec-time: 6.03914 ms
naive 64 15 Exec-time: 8.0056 ms
shared_memory 64 15 Exec-time: 5.89031 ms
naive 64 16 Exec-time: 7.95498 ms
shared_memory 64 16 Exec-time: 5.77373 ms
naive 96 1 Exec-time: 7.61967 ms
shared_memory 96 1 Exec-time: 5.84226 ms
naive 96 2 Exec-time: 7.65452 ms
shared_memory 96 2 Exec-time: 5.48435 ms
naive 96 3 Exec-time: 7.67135 ms
shared_memory 96 3 Exec-time: 5.31815 ms
naive 96 4 Exec-time: 7.73669 ms
shared_memory 96 4 Exec-time: 5.48832 ms
naive 96 5 Exec-time: 7.80757 ms
shared_memory 96 5 Exec-time: 5.56042 ms
naive 96 6 Exec-time: 8.01026 ms
shared_memory 96 6 Exec-time: 5.99611 ms
naive 96 7 Exec-time: 7.88631 ms
shared_memory 96 7 Exec-time: 5.54402 ms
naive 96 8 Exec-time: 8.40624 ms
shared_memory 96 8 Exec-time: 6.64038 ms
naive 96 9 Exec-time: 8.02222 ms
shared_memory 96 9 Exec-time: 6.09099 ms
naive 96 10 Exec-time: 7.99641 ms
shared_memory 96 10 Exec-time: 5.75335 ms
naive 128 1 Exec-time: 7.62804 ms
shared_memory 128 1 Exec-time: 5.61912 ms
naive 128 2 Exec-time: 7.66417 ms
shared_memory 128 2 Exec-time: 5.24326 ms
naive 128 3 Exec-time: 7.74368 ms
shared_memory 128 3 Exec-time: 5.50873 ms
naive 128 4 Exec-time: 7.76533 ms
shared_memory 128 4 Exec-time: 5.29627 ms
naive 128 5 Exec-time: 7.88335 ms
shared_memory 128 5 Exec-time: 5.60186 ms
naive 128 6 Exec-time: 8.30367 ms
shared_memory 128 6 Exec-time: 6.56082 ms
naive 128 7 Exec-time: 7.99938 ms
shared_memory 128 7 Exec-time: 5.92877 ms
naive 128 8 Exec-time: 7.94529 ms
shared_memory 128 8 Exec-time: 5.59778 ms
naive 160 1 Exec-time: 7.64035 ms
shared_memory 160 1 Exec-time: 5.70813 ms
naive 160 2 Exec-time: 7.69611 ms
shared_memory 160 2 Exec-time: 5.3995 ms
naive 160 3 Exec-time: 7.77458 ms
shared_memory 160 3 Exec-time: 5.47732 ms
naive 160 4 Exec-time: 7.83958 ms
shared_memory 160 4 Exec-time: 5.55258 ms
naive 160 5 Exec-time: 8.13857 ms
shared_memory 160 5 Exec-time: 6.38783 ms
naive 160 6 Exec-time: 7.92271 ms
shared_memory 160 6 Exec-time: 5.71038 ms
naive 192 1 Exec-time: 7.66066 ms
shared_memory 192 1 Exec-time: 5.66939 ms
naive 192 2 Exec-time: 7.7316 ms
shared_memory 192 2 Exec-time: 5.41428 ms
naive 192 3 Exec-time: 7.94795 ms
shared_memory 192 3 Exec-time: 5.90792 ms
naive 192 4 Exec-time: 8.15854 ms
shared_memory 192 4 Exec-time: 6.51109 ms
naive 192 5 Exec-time: 7.95203 ms
shared_memory 192 5 Exec-time: 5.61467 ms
naive 224 1 Exec-time: 7.64647 ms
shared_memory 224 1 Exec-time: 5.5227 ms
naive 224 2 Exec-time: 7.79533 ms
shared_memory 224 2 Exec-time: 5.65037 ms
naive 224 3 Exec-time: 7.81611 ms
shared_memory 224 3 Exec-time: 5.37646 ms
naive 224 4 Exec-time: 7.91666 ms
shared_memory 224 4 Exec-time: 5.94372 ms
naive 256 1 Exec-time: 7.6657 ms
shared_memory 256 1 Exec-time: 5.46976 ms
naive 256 2 Exec-time: 7.75709 ms
shared_memory 256 2 Exec-time: 5.26 ms
naive 256 3 Exec-time: 8.1046 ms
shared_memory 256 3 Exec-time: 6.32252 ms
naive 256 4 Exec-time: 7.91852 ms
shared_memory 256 4 Exec-time: 5.34982 ms
naive 288 1 Exec-time: 7.66205 ms
shared_memory 288 1 Exec-time: 5.49146 ms
naive 288 2 Exec-time: 7.92523 ms
shared_memory 288 2 Exec-time: 5.86426 ms
naive 288 3 Exec-time: 7.97377 ms
shared_memory 288 3 Exec-time: 5.89482 ms
naive 320 1 Exec-time: 7.70384 ms
shared_memory 320 1 Exec-time: 5.59548 ms
naive 320 2 Exec-time: 7.86696 ms
shared_memory 320 2 Exec-time: 5.5124 ms
naive 320 3 Exec-time: 7.92749 ms
shared_memory 320 3 Exec-time: 5.42123 ms
naive 352 1 Exec-time: 7.77509 ms
shared_memory 352 1 Exec-time: 5.90622 ms
naive 352 2 Exec-time: 8.10852 ms
shared_memory 352 2 Exec-time: 6.54831 ms
naive 384 1 Exec-time: 7.73239 ms
shared_memory 384 1 Exec-time: 5.63131 ms
naive 384 2 Exec-time: 8.05185 ms
shared_memory 384 2 Exec-time: 6.16782 ms
naive 416 1 Exec-time: 7.87551 ms
shared_memory 416 1 Exec-time: 6.17443 ms
naive 416 2 Exec-time: 8.01443 ms
shared_memory 416 2 Exec-time: 5.91328 ms
naive 448 1 Exec-time: 7.81035 ms
shared_memory 448 1 Exec-time: 5.84685 ms
naive 448 2 Exec-time: 7.9047 ms
shared_memory 448 2 Exec-time: 5.66286 ms
naive 480 1 Exec-time: 7.74891 ms
shared_memory 480 1 Exec-time: 5.64168 ms
naive 480 2 Exec-time: 7.85061 ms
shared_memory 480 2 Exec-time: 5.48269 ms
naive 512 1 Exec-time: 7.74092 ms
shared_memory 512 1 Exec-time: 5.50929 ms
naive 512 2 Exec-time: 7.87125 ms
shared_memory 512 2 Exec-time: 5.22944 ms
naive 544 1 Exec-time: 7.97797 ms
shared_memory 544 1 Exec-time: 6.2797 ms
naive 576 1 Exec-time: 7.92988 ms
shared_memory 576 1 Exec-time: 6.06158 ms
naive 608 1 Exec-time: 7.93391 ms
shared_memory 608 1 Exec-time: 6.0137 ms
naive 640 1 Exec-time: 7.86984 ms
shared_memory 640 1 Exec-time: 5.83367 ms
naive 672 1 Exec-time: 7.82391 ms
shared_memory 672 1 Exec-time: 5.63813 ms
naive 704 1 Exec-time: 8.1332 ms
shared_memory 704 1 Exec-time: 6.82579 ms
naive 736 1 Exec-time: 8.06038 ms
shared_memory 736 1 Exec-time: 6.56168 ms
naive 768 1 Exec-time: 8.06502 ms
shared_memory 768 1 Exec-time: 6.55358 ms
naive 800 1 Exec-time: 7.97538 ms
shared_memory 800 1 Exec-time: 6.36653 ms
naive 832 1 Exec-time: 8.0119 ms
shared_memory 832 1 Exec-time: 6.30102 ms
naive 864 1 Exec-time: 7.95579 ms
shared_memory 864 1 Exec-time: 6.28151 ms
naive 896 1 Exec-time: 7.91654 ms
shared_memory 896 1 Exec-time: 6.05362 ms
naive 928 1 Exec-time: 7.84429 ms
shared_memory 928 1 Exec-time: 5.99165 ms
naive 960 1 Exec-time: 7.91245 ms
shared_memory 960 1 Exec-time: 5.98101 ms
naive 992 1 Exec-time: 7.99532 ms
shared_memory 992 1 Exec-time: 5.97163 ms
naive 1024 1 Exec-time: 7.84255 ms
shared_memory 1024 1 Exec-time: 5.75396 ms
