threads_spec: cpu
Using CPUID GenuineIntel-6-4F-1
DEBUGINFOD_URLS=
Compression enabled, disabling build id collection at the end of the session.
nr_threads: 28
thread_masks[0]: 0x55ece55c9bb0: maps mask[28]: 0
thread_masks[0]: 0x55ece55c9bc0: affinity mask[28]: 0
thread_masks[1]: 0x55ece55c9bd0: maps mask[28]: 1
thread_masks[1]: 0x55ece55c9be0: affinity mask[28]: 1
thread_masks[2]: 0x55ece55c9bf0: maps mask[28]: 2
thread_masks[2]: 0x55ece55c9c00: affinity mask[28]: 2
thread_masks[3]: 0x55ece55c9c10: maps mask[28]: 3
thread_masks[3]: 0x55ece55c9c20: affinity mask[28]: 3
thread_masks[4]: 0x55ece55c9c30: maps mask[28]: 4
thread_masks[4]: 0x55ece55c9c40: affinity mask[28]: 4
thread_masks[5]: 0x55ece55c9c50: maps mask[28]: 5
thread_masks[5]: 0x55ece55c9c60: affinity mask[28]: 5
thread_masks[6]: 0x55ece55c9c70: maps mask[28]: 6
thread_masks[6]: 0x55ece55c9c80: affinity mask[28]: 6
thread_masks[7]: 0x55ece55c9c90: maps mask[28]: 7
thread_masks[7]: 0x55ece55c9ca0: affinity mask[28]: 7
thread_masks[8]: 0x55ece55c9cb0: maps mask[28]: 8
thread_masks[8]: 0x55ece55c9cc0: affinity mask[28]: 8
thread_masks[9]: 0x55ece55c9cd0: maps mask[28]: 9
thread_masks[9]: 0x55ece55c9ce0: affinity mask[28]: 9
thread_masks[10]: 0x55ece55c9cf0: maps mask[28]: 10
thread_masks[10]: 0x55ece55c9d00: affinity mask[28]: 10
thread_masks[11]: 0x55ece55c9d10: maps mask[28]: 11
thread_masks[11]: 0x55ece55c9d20: affinity mask[28]: 11
thread_masks[12]: 0x55ece55c9d30: maps mask[28]: 12
thread_masks[12]: 0x55ece55c9d40: affinity mask[28]: 12
thread_masks[13]: 0x55ece55c9d50: maps mask[28]: 13
thread_masks[13]: 0x55ece55c9d60: affinity mask[28]: 13
thread_masks[14]: 0x55ece55c9d70: maps mask[28]: 14
thread_masks[14]: 0x55ece55c9d80: affinity mask[28]: 14
thread_masks[15]: 0x55ece55c9d90: maps mask[28]: 15
thread_masks[15]: 0x55ece55c9da0: affinity mask[28]: 15
thread_masks[16]: 0x55ece55c9db0: maps mask[28]: 16
thread_masks[16]: 0x55ece55c9dc0: affinity mask[28]: 16
thread_masks[17]: 0x55ece55c9dd0: maps mask[28]: 17
thread_masks[17]: 0x55ece55c9de0: affinity mask[28]: 17
thread_masks[18]: 0x55ece55c9df0: maps mask[28]: 18
thread_masks[18]: 0x55ece55c9e00: affinity mask[28]: 18
thread_masks[19]: 0x55ece55c9e10: maps mask[28]: 19
thread_masks[19]: 0x55ece55c9e20: affinity mask[28]: 19
thread_masks[20]: 0x55ece55c9e30: maps mask[28]: 20
thread_masks[20]: 0x55ece55c9e40: affinity mask[28]: 20
thread_masks[21]: 0x55ece55c9e50: maps mask[28]: 21
thread_masks[21]: 0x55ece55c9e60: affinity mask[28]: 21
thread_masks[22]: 0x55ece55c9e70: maps mask[28]: 22
thread_masks[22]: 0x55ece55c9e80: affinity mask[28]: 22
thread_masks[23]: 0x55ece55c9e90: maps mask[28]: 23
thread_masks[23]: 0x55ece55c9ea0: affinity mask[28]: 23
thread_masks[24]: 0x55ece55c9eb0: maps mask[28]: 24
thread_masks[24]: 0x55ece55c9ec0: affinity mask[28]: 24
thread_masks[25]: 0x55ece55c9ed0: maps mask[28]: 25
thread_masks[25]: 0x55ece55c9ee0: affinity mask[28]: 25
thread_masks[26]: 0x55ece55c9ef0: maps mask[28]: 26
thread_masks[26]: 0x55ece55c9f00: affinity mask[28]: 26
thread_masks[27]: 0x55ece55c9f10: maps mask[28]: 27
thread_masks[27]: 0x55ece55c9f20: affinity mask[28]: 27
nr_cblocks: 0
affinity: SYS
mmap flush: 1
comp level: 1
mmap size 528384B
couldn't open /proc/1/task/1/maps
couldn't open /proc/606/task/606/maps
couldn't open /proc/648/task/648/maps
couldn't open /proc/761/task/761/maps
couldn't open /proc/763/task/763/maps
couldn't open /proc/946/task/946/maps
couldn't open /proc/960/task/960/maps
couldn't open /proc/963/task/963/maps
couldn't open /proc/976/task/976/maps
couldn't open /proc/985/task/985/maps
couldn't open /proc/999/task/999/maps
couldn't open /proc/1125/task/1125/maps
couldn't open /proc/1135/task/1135/maps
couldn't open /proc/1136/task/1136/maps
couldn't open /proc/1137/task/1137/maps
couldn't open /proc/1138/task/1138/maps
couldn't open /proc/1143/task/1143/maps
couldn't open /proc/1153/task/1153/maps
couldn't open /proc/1159/task/1159/maps
couldn't open /proc/1177/task/1177/maps
couldn't open /proc/3884803/task/3884803/maps
couldn't open /proc/3884807/task/3884807/maps
couldn't open /proc/3884810/task/3884810/maps
couldn't open /proc/3884922/task/3884922/maps
couldn't open /proc/3885053/task/3885053/maps
couldn't open /proc/3885077/task/3885077/maps
couldn't open /proc/3885128/task/3885128/maps
couldn't open /proc/3885252/task/3885252/maps
couldn't open /proc/3885253/task/3885253/maps
threads[3885279]: started on cpu1
threads[3885280]: started on cpu2
threads[3885281]: started on cpu3
threads[3885282]: started on cpu4
threads[3885284]: started on cpu5
threads[3885286]: started on cpu6
threads[3885288]: started on cpu7
threads[3885294]: started on cpu8
threads[3885296]: started on cpu9
threads[3885299]: started on cpu10
threads[3885302]: started on cpu11
threads[3885303]: started on cpu12
threads[3885305]: started on cpu13
threads[3885306]: started on cpu14
threads[3885308]: started on cpu15
threads[3885309]: started on cpu16
threads[3885311]: started on cpu17
threads[3885313]: started on cpu18
threads[3885315]: started on cpu19
threads[3885317]: started on cpu20
threads[3885319]: started on cpu21
threads[3885320]: started on cpu22
threads[3885322]: started on cpu23
threads[3885324]: started on cpu24
threads[3885327]: started on cpu25
threads[3885331]: started on cpu26
threads[3885332]: started on cpu27
threads[3885247]: started on cpu0

3885273:perf-sync:ready:SYS=3641228881653484
[ perf record: Woken up 5 times to write data ]
threads[3885247]: samples=3, wakes=2, transferred=269088, compressed=26494
threads[3885279]: samples=2, wakes=2, transferred=19856, compressed=3356
threads[3885280]: samples=1, wakes=2, transferred=76184, compressed=8317
threads[3885281]: samples=2, wakes=2, transferred=74648, compressed=9449
threads[3885282]: samples=1, wakes=2, transferred=30664, compressed=3843
threads[3885284]: samples=3, wakes=3, transferred=346464, compressed=31694
threads[3885286]: samples=1, wakes=2, transferred=3728, compressed=870
threads[3885288]: samples=2, wakes=2, transferred=189592, compressed=18953
threads[3885294]: samples=1, wakes=2, transferred=204848, compressed=20816
threads[3885296]: samples=1, wakes=2, transferred=6752, compressed=1365
threads[3885299]: samples=2, wakes=2, transferred=226896, compressed=23048
threads[3885302]: samples=2, wakes=2, transferred=66768, compressed=9060
threads[3885303]: samples=1, wakes=2, transferred=40408, compressed=5452
threads[3885305]: samples=1, wakes=2, transferred=91656, compressed=10382
threads[3885306]: samples=2, wakes=2, transferred=15856, compressed=2643
threads[3885308]: samples=1, wakes=2, transferred=47144, compressed=4562
threads[3885309]: samples=2, wakes=2, transferred=160016, compressed=16872
threads[3885311]: samples=1, wakes=2, transferred=22360, compressed=3224
threads[3885313]: samples=2, wakes=2, transferred=65008, compressed=7699
threads[3885315]: samples=2, wakes=2, transferred=33488, compressed=4349
threads[3885317]: samples=2, wakes=2, transferred=38704, compressed=5273
threads[3885319]: samples=1, wakes=2, transferred=238120, compressed=23330
threads[3885320]: samples=2, wakes=2, transferred=54672, compressed=6234
threads[3885322]: samples=3, wakes=3, transferred=395296, compressed=47471
threads[3885324]: samples=2, wakes=2, transferred=60264, compressed=6351
threads[3885327]: samples=2, wakes=3, transferred=267328, compressed=26597
threads[3885331]: samples=2, wakes=2, transferred=38976, compressed=5344
threads[3885332]: samples=1, wakes=2, transferred=128496, compressed=12958
read LOST count failed
read LOST count failed
read LOST count failed
read LOST count failed
read LOST count failed
read LOST count failed
read LOST count failed
read LOST count failed
read LOST count failed
read LOST count failed
read LOST count failed
read LOST count failed
read LOST count failed
read LOST count failed
read LOST count failed
read LOST count failed
read LOST count failed
read LOST count failed
read LOST count failed
read LOST count failed
read LOST count failed
read LOST count failed
read LOST count failed
read LOST count failed
read LOST count failed
read LOST count failed
read LOST count failed
read LOST count failed
failed to write feature HYBRID_TOPOLOGY
[ perf record: Captured and wrote 1.472 MB /home/course/hpc/users/2021012702/hpc-lab/exp8/results/uarch-exploration.conv1/data.5/system-wide.perf, compressed (original 3.064 MB, ratio is 9.287) ]
