threads_spec: cpu
Using CPUID GenuineIntel-6-4F-1
DEBUGINFOD_URLS=
Compression enabled, disabling build id collection at the end of the session.
nr_threads: 28
thread_masks[0]: 0x55b76117bcd0: maps mask[28]: 0
thread_masks[0]: 0x55b76117bce0: affinity mask[28]: 0
thread_masks[1]: 0x55b76117bcf0: maps mask[28]: 1
thread_masks[1]: 0x55b76117bd00: affinity mask[28]: 1
thread_masks[2]: 0x55b76117bd10: maps mask[28]: 2
thread_masks[2]: 0x55b76117bd20: affinity mask[28]: 2
thread_masks[3]: 0x55b76117bd30: maps mask[28]: 3
thread_masks[3]: 0x55b76117bd40: affinity mask[28]: 3
thread_masks[4]: 0x55b76117bd50: maps mask[28]: 4
thread_masks[4]: 0x55b76117bd60: affinity mask[28]: 4
thread_masks[5]: 0x55b76117bd70: maps mask[28]: 5
thread_masks[5]: 0x55b76117bd80: affinity mask[28]: 5
thread_masks[6]: 0x55b76117bd90: maps mask[28]: 6
thread_masks[6]: 0x55b76117bda0: affinity mask[28]: 6
thread_masks[7]: 0x55b76117bdb0: maps mask[28]: 7
thread_masks[7]: 0x55b76117bdc0: affinity mask[28]: 7
thread_masks[8]: 0x55b76117bdd0: maps mask[28]: 8
thread_masks[8]: 0x55b76117bde0: affinity mask[28]: 8
thread_masks[9]: 0x55b76117bdf0: maps mask[28]: 9
thread_masks[9]: 0x55b76117be00: affinity mask[28]: 9
thread_masks[10]: 0x55b76117be10: maps mask[28]: 10
thread_masks[10]: 0x55b76117be20: affinity mask[28]: 10
thread_masks[11]: 0x55b76117be30: maps mask[28]: 11
thread_masks[11]: 0x55b76117be40: affinity mask[28]: 11
thread_masks[12]: 0x55b76117be50: maps mask[28]: 12
thread_masks[12]: 0x55b76117be60: affinity mask[28]: 12
thread_masks[13]: 0x55b76117be70: maps mask[28]: 13
thread_masks[13]: 0x55b76117be80: affinity mask[28]: 13
thread_masks[14]: 0x55b76117be90: maps mask[28]: 14
thread_masks[14]: 0x55b76117bea0: affinity mask[28]: 14
thread_masks[15]: 0x55b76117beb0: maps mask[28]: 15
thread_masks[15]: 0x55b76117bec0: affinity mask[28]: 15
thread_masks[16]: 0x55b76117bed0: maps mask[28]: 16
thread_masks[16]: 0x55b76117bee0: affinity mask[28]: 16
thread_masks[17]: 0x55b76117bef0: maps mask[28]: 17
thread_masks[17]: 0x55b76117bf00: affinity mask[28]: 17
thread_masks[18]: 0x55b76117bf10: maps mask[28]: 18
thread_masks[18]: 0x55b76117bf20: affinity mask[28]: 18
thread_masks[19]: 0x55b76117bf30: maps mask[28]: 19
thread_masks[19]: 0x55b76117bf40: affinity mask[28]: 19
thread_masks[20]: 0x55b76117bf50: maps mask[28]: 20
thread_masks[20]: 0x55b76117bf60: affinity mask[28]: 20
thread_masks[21]: 0x55b76117bf70: maps mask[28]: 21
thread_masks[21]: 0x55b76117bf80: affinity mask[28]: 21
thread_masks[22]: 0x55b76117bf90: maps mask[28]: 22
thread_masks[22]: 0x55b76117bfa0: affinity mask[28]: 22
thread_masks[23]: 0x55b76117bfb0: maps mask[28]: 23
thread_masks[23]: 0x55b76117bfc0: affinity mask[28]: 23
thread_masks[24]: 0x55b76117bfd0: maps mask[28]: 24
thread_masks[24]: 0x55b76117bfe0: affinity mask[28]: 24
thread_masks[25]: 0x55b76117bff0: maps mask[28]: 25
thread_masks[25]: 0x55b76117c000: affinity mask[28]: 25
thread_masks[26]: 0x55b76117c010: maps mask[28]: 26
thread_masks[26]: 0x55b76117c020: affinity mask[28]: 26
thread_masks[27]: 0x55b76117c030: maps mask[28]: 27
thread_masks[27]: 0x55b76117c040: affinity mask[28]: 27
nr_cblocks: 0
affinity: SYS
mmap flush: 1
comp level: 1
mmap size 528384B
couldn't open /proc/1/task/1/maps
couldn't open /proc/606/task/606/maps
couldn't open /proc/648/task/648/maps
couldn't open /proc/761/task/761/maps
couldn't open /proc/763/task/763/maps
couldn't open /proc/946/task/946/maps
couldn't open /proc/960/task/960/maps
couldn't open /proc/963/task/963/maps
couldn't open /proc/976/task/976/maps
couldn't open /proc/985/task/985/maps
couldn't open /proc/999/task/999/maps
couldn't open /proc/1125/task/1125/maps
couldn't open /proc/1135/task/1135/maps
couldn't open /proc/1136/task/1136/maps
couldn't open /proc/1137/task/1137/maps
couldn't open /proc/1138/task/1138/maps
couldn't open /proc/1143/task/1143/maps
couldn't open /proc/1153/task/1153/maps
couldn't open /proc/1159/task/1159/maps
couldn't open /proc/1177/task/1177/maps
couldn't open /proc/3884803/task/3884803/maps
couldn't open /proc/3884807/task/3884807/maps
couldn't open /proc/3884810/task/3884810/maps
couldn't open /proc/3884922/task/3884922/maps
couldn't open /proc/3885053/task/3885053/maps
couldn't open /proc/3885077/task/3885077/maps
couldn't open /proc/3885128/task/3885128/maps
couldn't open /proc/3885252/task/3885252/maps
couldn't open /proc/3885253/task/3885253/maps
threads[3885274]: started on cpu1
threads[3885276]: started on cpu2
threads[3885277]: started on cpu3
threads[3885278]: started on cpu4
threads[3885283]: started on cpu5
threads[3885285]: started on cpu6
threads[3885287]: started on cpu7
threads[3885293]: started on cpu8
threads[3885295]: started on cpu9
threads[3885297]: started on cpu10
threads[3885298]: started on cpu11
threads[3885300]: started on cpu12
threads[3885301]: started on cpu13
threads[3885304]: started on cpu14
threads[3885307]: started on cpu15
threads[3885310]: started on cpu16
threads[3885312]: started on cpu17
threads[3885314]: started on cpu18
threads[3885316]: started on cpu19
threads[3885318]: started on cpu20
threads[3885321]: started on cpu21
threads[3885323]: started on cpu22
threads[3885325]: started on cpu23
threads[3885326]: started on cpu24
threads[3885328]: started on cpu25
threads[3885329]: started on cpu26
threads[3885330]: started on cpu27
threads[3885243]: started on cpu0

3885272:perf-sync:ready:SYS=3641228764942232
[ perf record: Woken up 5 times to write data ]
threads[3885243]: samples=3, wakes=2, transferred=269728, compressed=26491
threads[3885274]: samples=2, wakes=2, transferred=20176, compressed=3440
threads[3885276]: samples=1, wakes=2, transferred=76632, compressed=8417
threads[3885277]: samples=1, wakes=2, transferred=74648, compressed=9433
threads[3885278]: samples=1, wakes=2, transferred=31496, compressed=3953
threads[3885283]: samples=3, wakes=3, transferred=347104, compressed=30637
threads[3885285]: samples=1, wakes=2, transferred=5136, compressed=1109
threads[3885287]: samples=2, wakes=2, transferred=190104, compressed=19137
threads[3885293]: samples=1, wakes=2, transferred=205808, compressed=21034
threads[3885295]: samples=1, wakes=2, transferred=8736, compressed=1585
threads[3885297]: samples=2, wakes=2, transferred=233680, compressed=23585
threads[3885298]: samples=2, wakes=2, transferred=67344, compressed=9199
threads[3885300]: samples=1, wakes=2, transferred=41304, compressed=5610
threads[3885301]: samples=1, wakes=2, transferred=91720, compressed=10361
threads[3885304]: samples=2, wakes=2, transferred=16432, compressed=2707
threads[3885307]: samples=1, wakes=2, transferred=49192, compressed=4839
threads[3885310]: samples=2, wakes=2, transferred=162704, compressed=17250
threads[3885312]: samples=1, wakes=2, transferred=22552, compressed=3299
threads[3885314]: samples=2, wakes=2, transferred=66224, compressed=7951
threads[3885316]: samples=3, wakes=2, transferred=35024, compressed=4648
threads[3885318]: samples=2, wakes=2, transferred=43664, compressed=5914
threads[3885321]: samples=1, wakes=2, transferred=239208, compressed=23483
threads[3885323]: samples=2, wakes=2, transferred=55824, compressed=6331
threads[3885325]: samples=2, wakes=3, transferred=396576, compressed=47749
threads[3885326]: samples=2, wakes=2, transferred=62440, compressed=6692
threads[3885328]: samples=2, wakes=3, transferred=267776, compressed=27045
threads[3885329]: samples=2, wakes=2, transferred=41536, compressed=5762
threads[3885330]: samples=1, wakes=2, transferred=131888, compressed=13569
read LOST count failed
read LOST count failed
read LOST count failed
read LOST count failed
read LOST count failed
read LOST count failed
read LOST count failed
read LOST count failed
read LOST count failed
read LOST count failed
read LOST count failed
read LOST count failed
read LOST count failed
read LOST count failed
read LOST count failed
read LOST count failed
read LOST count failed
read LOST count failed
read LOST count failed
read LOST count failed
read LOST count failed
read LOST count failed
read LOST count failed
read LOST count failed
read LOST count failed
read LOST count failed
read LOST count failed
read LOST count failed
failed to write feature HYBRID_TOPOLOGY
[ perf record: Captured and wrote 1.476 MB /home/course/hpc/users/2021012702/hpc-lab/exp8/results/uarch-exploration.conv1/data.2/system-wide.perf, compressed (original 3.104 MB, ratio is 9.266) ]
