threads_spec: cpu
Using CPUID GenuineIntel-6-4F-1
DEBUGINFOD_URLS=
Compression enabled, disabling build id collection at the end of the session.
nr_threads: 28
thread_masks[0]: 0x5624e4673bb0: maps mask[28]: 0
thread_masks[0]: 0x5624e4673bc0: affinity mask[28]: 0
thread_masks[1]: 0x5624e4673bd0: maps mask[28]: 1
thread_masks[1]: 0x5624e4673be0: affinity mask[28]: 1
thread_masks[2]: 0x5624e4673bf0: maps mask[28]: 2
thread_masks[2]: 0x5624e4673c00: affinity mask[28]: 2
thread_masks[3]: 0x5624e4673c10: maps mask[28]: 3
thread_masks[3]: 0x5624e4673c20: affinity mask[28]: 3
thread_masks[4]: 0x5624e4673c30: maps mask[28]: 4
thread_masks[4]: 0x5624e4673c40: affinity mask[28]: 4
thread_masks[5]: 0x5624e4673c50: maps mask[28]: 5
thread_masks[5]: 0x5624e4673c60: affinity mask[28]: 5
thread_masks[6]: 0x5624e4673c70: maps mask[28]: 6
thread_masks[6]: 0x5624e4673c80: affinity mask[28]: 6
thread_masks[7]: 0x5624e4673c90: maps mask[28]: 7
thread_masks[7]: 0x5624e4673ca0: affinity mask[28]: 7
thread_masks[8]: 0x5624e4673cb0: maps mask[28]: 8
thread_masks[8]: 0x5624e4673cc0: affinity mask[28]: 8
thread_masks[9]: 0x5624e4673cd0: maps mask[28]: 9
thread_masks[9]: 0x5624e4673ce0: affinity mask[28]: 9
thread_masks[10]: 0x5624e4673cf0: maps mask[28]: 10
thread_masks[10]: 0x5624e4673d00: affinity mask[28]: 10
thread_masks[11]: 0x5624e4673d10: maps mask[28]: 11
thread_masks[11]: 0x5624e4673d20: affinity mask[28]: 11
thread_masks[12]: 0x5624e4673d30: maps mask[28]: 12
thread_masks[12]: 0x5624e4673d40: affinity mask[28]: 12
thread_masks[13]: 0x5624e4673d50: maps mask[28]: 13
thread_masks[13]: 0x5624e4673d60: affinity mask[28]: 13
thread_masks[14]: 0x5624e4673d70: maps mask[28]: 14
thread_masks[14]: 0x5624e4673d80: affinity mask[28]: 14
thread_masks[15]: 0x5624e4673d90: maps mask[28]: 15
thread_masks[15]: 0x5624e4673da0: affinity mask[28]: 15
thread_masks[16]: 0x5624e4673db0: maps mask[28]: 16
thread_masks[16]: 0x5624e4673dc0: affinity mask[28]: 16
thread_masks[17]: 0x5624e4673dd0: maps mask[28]: 17
thread_masks[17]: 0x5624e4673de0: affinity mask[28]: 17
thread_masks[18]: 0x5624e4673df0: maps mask[28]: 18
thread_masks[18]: 0x5624e4673e00: affinity mask[28]: 18
thread_masks[19]: 0x5624e4673e10: maps mask[28]: 19
thread_masks[19]: 0x5624e4673e20: affinity mask[28]: 19
thread_masks[20]: 0x5624e4673e30: maps mask[28]: 20
thread_masks[20]: 0x5624e4673e40: affinity mask[28]: 20
thread_masks[21]: 0x5624e4673e50: maps mask[28]: 21
thread_masks[21]: 0x5624e4673e60: affinity mask[28]: 21
thread_masks[22]: 0x5624e4673e70: maps mask[28]: 22
thread_masks[22]: 0x5624e4673e80: affinity mask[28]: 22
thread_masks[23]: 0x5624e4673e90: maps mask[28]: 23
thread_masks[23]: 0x5624e4673ea0: affinity mask[28]: 23
thread_masks[24]: 0x5624e4673eb0: maps mask[28]: 24
thread_masks[24]: 0x5624e4673ec0: affinity mask[28]: 24
thread_masks[25]: 0x5624e4673ed0: maps mask[28]: 25
thread_masks[25]: 0x5624e4673ee0: affinity mask[28]: 25
thread_masks[26]: 0x5624e4673ef0: maps mask[28]: 26
thread_masks[26]: 0x5624e4673f00: affinity mask[28]: 26
thread_masks[27]: 0x5624e4673f10: maps mask[28]: 27
thread_masks[27]: 0x5624e4673f20: affinity mask[28]: 27
nr_cblocks: 0
affinity: SYS
mmap flush: 1
comp level: 1
mmap size 528384B
couldn't open /proc/1/task/1/maps
couldn't open /proc/606/task/606/maps
couldn't open /proc/648/task/648/maps
couldn't open /proc/761/task/761/maps
couldn't open /proc/763/task/763/maps
couldn't open /proc/946/task/946/maps
couldn't open /proc/960/task/960/maps
couldn't open /proc/963/task/963/maps
couldn't open /proc/976/task/976/maps
couldn't open /proc/985/task/985/maps
couldn't open /proc/999/task/999/maps
couldn't open /proc/1125/task/1125/maps
couldn't open /proc/1135/task/1135/maps
couldn't open /proc/1136/task/1136/maps
couldn't open /proc/1137/task/1137/maps
couldn't open /proc/1138/task/1138/maps
couldn't open /proc/1143/task/1143/maps
couldn't open /proc/1153/task/1153/maps
couldn't open /proc/1159/task/1159/maps
couldn't open /proc/1177/task/1177/maps
couldn't open /proc/3884803/task/3884803/maps
couldn't open /proc/3884807/task/3884807/maps
couldn't open /proc/3884810/task/3884810/maps
couldn't open /proc/3884922/task/3884922/maps
couldn't open /proc/3885053/task/3885053/maps
couldn't open /proc/3885077/task/3885077/maps
couldn't open /proc/3885128/task/3885128/maps
couldn't open /proc/3885252/task/3885252/maps
couldn't open /proc/3885253/task/3885253/maps
threads[3885352]: started on cpu1
threads[3885354]: started on cpu2
threads[3885356]: started on cpu3
threads[3885365]: started on cpu4
threads[3885368]: started on cpu5
threads[3885370]: started on cpu6
threads[3885373]: started on cpu7
threads[3885381]: started on cpu8
threads[3885385]: started on cpu9
threads[3885387]: started on cpu10
threads[3885389]: started on cpu11
threads[3885391]: started on cpu12
threads[3885392]: started on cpu13
threads[3885395]: started on cpu14
threads[3885396]: started on cpu15
threads[3885403]: started on cpu16
threads[3885405]: started on cpu17
threads[3885407]: started on cpu18
threads[3885409]: started on cpu19
threads[3885411]: started on cpu20
threads[3885413]: started on cpu21
threads[3885415]: started on cpu22
threads[3885428]: started on cpu23
threads[3885429]: started on cpu24
threads[3885430]: started on cpu25
threads[3885431]: started on cpu26
threads[3885432]: started on cpu27
threads[3885262]: started on cpu0

3885290:perf-sync:ready:SYS=3641228940491796
[ perf record: Woken up 1 times to write data ]
threads[3885262]: samples=2, wakes=1, transferred=193168, compressed=18243
threads[3885352]: samples=2, wakes=2, transferred=13504, compressed=2389
threads[3885354]: samples=2, wakes=2, transferred=71832, compressed=7439
threads[3885356]: samples=2, wakes=2, transferred=64856, compressed=7829
threads[3885365]: samples=2, wakes=2, transferred=30152, compressed=3747
threads[3885368]: samples=2, wakes=2, transferred=138640, compressed=13343
threads[3885370]: samples=1, wakes=2, transferred=2576, compressed=684
threads[3885373]: samples=1, wakes=2, transferred=117304, compressed=10947
threads[3885381]: samples=2, wakes=2, transferred=133744, compressed=13072
threads[3885385]: samples=1, wakes=2, transferred=3296, compressed=811
threads[3885387]: samples=2, wakes=2, transferred=145280, compressed=14579
threads[3885389]: samples=2, wakes=2, transferred=48624, compressed=6526
threads[3885391]: samples=1, wakes=2, transferred=35032, compressed=4582
threads[3885392]: samples=3, wakes=2, transferred=81288, compressed=8736
threads[3885395]: samples=2, wakes=2, transferred=9056, compressed=1568
threads[3885396]: samples=1, wakes=2, transferred=40040, compressed=3455
threads[3885403]: samples=1, wakes=2, transferred=99920, compressed=10363
threads[3885405]: samples=2, wakes=2, transferred=19544, compressed=2782
threads[3885407]: samples=2, wakes=2, transferred=61344, compressed=7067
threads[3885409]: samples=2, wakes=2, transferred=14848, compressed=2507
threads[3885411]: samples=1, wakes=2, transferred=35216, compressed=4572
threads[3885413]: samples=2, wakes=2, transferred=161768, compressed=15201
threads[3885415]: samples=2, wakes=2, transferred=37808, compressed=4078
threads[3885428]: samples=2, wakes=2, transferred=184544, compressed=21205
threads[3885429]: samples=2, wakes=2, transferred=52968, compressed=5223
threads[3885430]: samples=2, wakes=2, transferred=188224, compressed=18467
threads[3885431]: samples=2, wakes=2, transferred=34688, compressed=4586
threads[3885432]: samples=2, wakes=2, transferred=112112, compressed=10315
read LOST count failed
read LOST count failed
read LOST count failed
read LOST count failed
read LOST count failed
read LOST count failed
read LOST count failed
read LOST count failed
read LOST count failed
read LOST count failed
read LOST count failed
read LOST count failed
read LOST count failed
read LOST count failed
read LOST count failed
read LOST count failed
read LOST count failed
read LOST count failed
read LOST count failed
read LOST count failed
read LOST count failed
read LOST count failed
read LOST count failed
read LOST count failed
read LOST count failed
read LOST count failed
read LOST count failed
read LOST count failed
read LOST count failed
read LOST count failed
read LOST count failed
read LOST count failed
read LOST count failed
read LOST count failed
read LOST count failed
read LOST count failed
read LOST count failed
read LOST count failed
read LOST count failed
read LOST count failed
read LOST count failed
read LOST count failed
read LOST count failed
read LOST count failed
read LOST count failed
read LOST count failed
read LOST count failed
read LOST count failed
read LOST count failed
read LOST count failed
read LOST count failed
read LOST count failed
read LOST count failed
read LOST count failed
read LOST count failed
read LOST count failed
failed to write feature HYBRID_TOPOLOGY
[ perf record: Captured and wrote 1.443 MB /home/course/hpc/users/2021012702/hpc-lab/exp8/results/uarch-exploration.conv1/data.3/system-wide.perf, compressed (original 2.033 MB, ratio is 9.502) ]
