Using CPUID GenuineIntel-6-4F-1
DEBUGINFOD_URLS=
Compression enabled, disabling build id collection at the end of the session.
nr_cblocks: 0
affinity: SYS
mmap flush: 1
comp level: 1
mmap size 528384B
Control descriptor is not initialized
couldn't open /proc/1/task/1/maps
couldn't open /proc/606/task/606/maps
couldn't open /proc/648/task/648/maps
couldn't open /proc/761/task/761/maps
couldn't open /proc/763/task/763/maps
couldn't open /proc/946/task/946/maps
couldn't open /proc/960/task/960/maps
couldn't open /proc/963/task/963/maps
couldn't open /proc/976/task/976/maps
couldn't open /proc/985/task/985/maps
couldn't open /proc/999/task/999/maps
couldn't open /proc/1125/task/1125/maps
couldn't open /proc/1135/task/1135/maps
couldn't open /proc/1136/task/1136/maps
couldn't open /proc/1137/task/1137/maps
couldn't open /proc/1138/task/1138/maps
couldn't open /proc/1143/task/1143/maps
couldn't open /proc/1153/task/1153/maps
couldn't open /proc/1159/task/1159/maps
couldn't open /proc/1177/task/1177/maps
couldn't open /proc/3884803/task/3884803/maps
couldn't open /proc/3884807/task/3884807/maps
couldn't open /proc/3884810/task/3884810/maps
couldn't open /proc/3884922/task/3884922/maps
couldn't open /proc/3885053/task/3885053/maps
couldn't open /proc/3885077/task/3885077/maps
couldn't open /proc/3885128/task/3885128/maps
couldn't open /proc/3885139/task/3885139/maps
couldn't open /proc/3885140/task/3885140/maps

3885159:perf-sync:ready:SYS=3641226629379889
[ perf record: Woken up 1 times to write data ]
failed to write feature HYBRID_TOPOLOGY
[ perf record: Captured and wrote 0.378 MB /home/course/hpc/users/2021012702/hpc-lab/exp8/results/uarch-exploration.conv1/data.3/temp.dryrun.perf, compressed (original 0.055 MB, ratio is 4.412) ]
