threads_spec: cpu
Using CPUID GenuineIntel-6-4F-1
DEBUGINFOD_URLS=
Compression enabled, disabling build id collection at the end of the session.
nr_threads: 28
thread_masks[0]: 0x5635cfda1bb0: maps mask[28]: 0
thread_masks[0]: 0x5635cfda1bc0: affinity mask[28]: 0
thread_masks[1]: 0x5635cfda1bd0: maps mask[28]: 1
thread_masks[1]: 0x5635cfda1be0: affinity mask[28]: 1
thread_masks[2]: 0x5635cfda1bf0: maps mask[28]: 2
thread_masks[2]: 0x5635cfda1c00: affinity mask[28]: 2
thread_masks[3]: 0x5635cfda1c10: maps mask[28]: 3
thread_masks[3]: 0x5635cfda1c20: affinity mask[28]: 3
thread_masks[4]: 0x5635cfda1c30: maps mask[28]: 4
thread_masks[4]: 0x5635cfda1c40: affinity mask[28]: 4
thread_masks[5]: 0x5635cfda1c50: maps mask[28]: 5
thread_masks[5]: 0x5635cfda1c60: affinity mask[28]: 5
thread_masks[6]: 0x5635cfda1c70: maps mask[28]: 6
thread_masks[6]: 0x5635cfda1c80: affinity mask[28]: 6
thread_masks[7]: 0x5635cfda1c90: maps mask[28]: 7
thread_masks[7]: 0x5635cfda1ca0: affinity mask[28]: 7
thread_masks[8]: 0x5635cfda1cb0: maps mask[28]: 8
thread_masks[8]: 0x5635cfda1cc0: affinity mask[28]: 8
thread_masks[9]: 0x5635cfda1cd0: maps mask[28]: 9
thread_masks[9]: 0x5635cfda1ce0: affinity mask[28]: 9
thread_masks[10]: 0x5635cfda1cf0: maps mask[28]: 10
thread_masks[10]: 0x5635cfda1d00: affinity mask[28]: 10
thread_masks[11]: 0x5635cfda1d10: maps mask[28]: 11
thread_masks[11]: 0x5635cfda1d20: affinity mask[28]: 11
thread_masks[12]: 0x5635cfda1d30: maps mask[28]: 12
thread_masks[12]: 0x5635cfda1d40: affinity mask[28]: 12
thread_masks[13]: 0x5635cfda1d50: maps mask[28]: 13
thread_masks[13]: 0x5635cfda1d60: affinity mask[28]: 13
thread_masks[14]: 0x5635cfda1d70: maps mask[28]: 14
thread_masks[14]: 0x5635cfda1d80: affinity mask[28]: 14
thread_masks[15]: 0x5635cfda1d90: maps mask[28]: 15
thread_masks[15]: 0x5635cfda1da0: affinity mask[28]: 15
thread_masks[16]: 0x5635cfda1db0: maps mask[28]: 16
thread_masks[16]: 0x5635cfda1dc0: affinity mask[28]: 16
thread_masks[17]: 0x5635cfda1dd0: maps mask[28]: 17
thread_masks[17]: 0x5635cfda1de0: affinity mask[28]: 17
thread_masks[18]: 0x5635cfda1df0: maps mask[28]: 18
thread_masks[18]: 0x5635cfda1e00: affinity mask[28]: 18
thread_masks[19]: 0x5635cfda1e10: maps mask[28]: 19
thread_masks[19]: 0x5635cfda1e20: affinity mask[28]: 19
thread_masks[20]: 0x5635cfda1e30: maps mask[28]: 20
thread_masks[20]: 0x5635cfda1e40: affinity mask[28]: 20
thread_masks[21]: 0x5635cfda1e50: maps mask[28]: 21
thread_masks[21]: 0x5635cfda1e60: affinity mask[28]: 21
thread_masks[22]: 0x5635cfda1e70: maps mask[28]: 22
thread_masks[22]: 0x5635cfda1e80: affinity mask[28]: 22
thread_masks[23]: 0x5635cfda1e90: maps mask[28]: 23
thread_masks[23]: 0x5635cfda1ea0: affinity mask[28]: 23
thread_masks[24]: 0x5635cfda1eb0: maps mask[28]: 24
thread_masks[24]: 0x5635cfda1ec0: affinity mask[28]: 24
thread_masks[25]: 0x5635cfda1ed0: maps mask[28]: 25
thread_masks[25]: 0x5635cfda1ee0: affinity mask[28]: 25
thread_masks[26]: 0x5635cfda1ef0: maps mask[28]: 26
thread_masks[26]: 0x5635cfda1f00: affinity mask[28]: 26
thread_masks[27]: 0x5635cfda1f10: maps mask[28]: 27
thread_masks[27]: 0x5635cfda1f20: affinity mask[28]: 27
nr_cblocks: 0
affinity: SYS
mmap flush: 1
comp level: 1
mmap size 528384B
couldn't open /proc/1/task/1/maps
couldn't open /proc/606/task/606/maps
couldn't open /proc/648/task/648/maps
couldn't open /proc/761/task/761/maps
couldn't open /proc/763/task/763/maps
couldn't open /proc/946/task/946/maps
couldn't open /proc/960/task/960/maps
couldn't open /proc/963/task/963/maps
couldn't open /proc/976/task/976/maps
couldn't open /proc/985/task/985/maps
couldn't open /proc/999/task/999/maps
couldn't open /proc/1125/task/1125/maps
couldn't open /proc/1135/task/1135/maps
couldn't open /proc/1136/task/1136/maps
couldn't open /proc/1137/task/1137/maps
couldn't open /proc/1138/task/1138/maps
couldn't open /proc/1143/task/1143/maps
couldn't open /proc/1153/task/1153/maps
couldn't open /proc/1159/task/1159/maps
couldn't open /proc/1177/task/1177/maps
couldn't open /proc/3876365/task/3876365/maps
couldn't open /proc/3876369/task/3876369/maps
couldn't open /proc/3876372/task/3876372/maps
couldn't open /proc/3876383/task/3876383/maps
couldn't open /proc/3877287/task/3877287/maps
couldn't open /proc/3877291/task/3877291/maps
couldn't open /proc/3877294/task/3877294/maps
couldn't open /proc/3877303/task/3877303/maps
couldn't open /proc/3877304/task/3877304/maps
couldn't open /proc/3877305/task/3877305/maps
couldn't open /proc/3877306/task/3877306/maps
couldn't open /proc/3877308/task/3877308/maps
couldn't open /proc/3877309/task/3877309/maps
couldn't open /proc/3877310/task/3877310/maps
couldn't open /proc/3877544/task/3877544/maps
couldn't open /proc/3877548/task/3877548/maps
couldn't open /proc/3877551/task/3877551/maps
couldn't open /proc/3877553/task/3877553/maps
couldn't open /proc/3877558/task/3877558/maps
couldn't open /proc/3877560/task/3877560/maps
couldn't open /proc/3877562/task/3877562/maps
couldn't open /proc/3877635/task/3877635/maps
couldn't open /proc/3877644/task/3877644/maps
couldn't open /proc/3877645/task/3877645/maps
couldn't open /proc/3877674/task/3877674/maps
couldn't open /proc/3877677/task/3877677/maps
couldn't open /proc/3877678/task/3877678/maps
couldn't open /proc/3877681/task/3877681/maps
couldn't open /proc/3877682/task/3877682/maps
couldn't open /proc/3877685/task/3877685/maps
couldn't open /proc/3877686/task/3877686/maps
couldn't open /proc/3877689/task/3877689/maps
couldn't open /proc/3877690/task/3877690/maps
couldn't open /proc/3877693/task/3877693/maps
couldn't open /proc/3877694/task/3877694/maps
couldn't open /proc/3877697/task/3877697/maps
couldn't open /proc/3877698/task/3877698/maps
couldn't open /proc/3877699/task/3877699/maps
couldn't open /proc/3877700/task/3877700/maps
couldn't open /proc/3877701/task/3877701/maps
couldn't open /proc/3877704/task/3877704/maps
couldn't open /proc/3877714/task/3877714/maps
couldn't open /proc/3877876/task/3877876/maps
couldn't open /proc/3877877/task/3877877/maps
couldn't open /proc/3878158/task/3878158/maps
couldn't open /proc/3878162/task/3878162/maps
couldn't open /proc/3878165/task/3878165/maps
couldn't open /proc/3878174/task/3878174/maps
couldn't open /proc/3878175/task/3878175/maps
couldn't open /proc/3878176/task/3878176/maps
couldn't open /proc/3878177/task/3878177/maps
couldn't open /proc/3878178/task/3878178/maps
couldn't open /proc/3878179/task/3878179/maps
couldn't open /proc/3878180/task/3878180/maps
couldn't open /proc/3878181/task/3878181/maps
couldn't open /proc/3878425/task/3878425/maps
couldn't open /proc/3878430/task/3878430/maps
couldn't open /proc/3878432/task/3878432/maps
couldn't open /proc/3878434/task/3878434/maps
couldn't open /proc/3878441/task/3878441/maps
couldn't open /proc/3878445/task/3878445/maps
couldn't open /proc/3878448/task/3878448/maps
couldn't open /proc/3878451/task/3878451/maps
couldn't open /proc/3878521/task/3878521/maps
couldn't open /proc/3878531/task/3878531/maps
couldn't open /proc/3878536/task/3878536/maps
couldn't open /proc/3878565/task/3878565/maps
couldn't open /proc/3878568/task/3878568/maps
couldn't open /proc/3878569/task/3878569/maps
couldn't open /proc/3878570/task/3878570/maps
couldn't open /proc/3878573/task/3878573/maps
couldn't open /proc/3878576/task/3878576/maps
couldn't open /proc/3878577/task/3878577/maps
couldn't open /proc/3878580/task/3878580/maps
couldn't open /proc/3878581/task/3878581/maps
couldn't open /proc/3878584/task/3878584/maps
couldn't open /proc/3878585/task/3878585/maps
couldn't open /proc/3878588/task/3878588/maps
couldn't open /proc/3878589/task/3878589/maps
couldn't open /proc/3878592/task/3878592/maps
couldn't open /proc/3878593/task/3878593/maps
couldn't open /proc/3878594/task/3878594/maps
couldn't open /proc/3878595/task/3878595/maps
couldn't open /proc/3878596/task/3878596/maps
couldn't open /proc/3878610/task/3878610/maps
couldn't open /proc/3878615/task/3878615/maps
couldn't open /proc/3878620/task/3878620/maps
couldn't open /proc/3878819/task/3878819/maps
couldn't open /proc/3878824/task/3878824/maps
couldn't open /proc/3878827/task/3878827/maps
threads[3879254]: started on cpu1
threads[3879255]: started on cpu2
threads[3879257]: started on cpu3
threads[3879259]: started on cpu4
threads[3879261]: started on cpu5
threads[3879266]: started on cpu6
threads[3879268]: started on cpu7
threads[3879269]: started on cpu8
threads[3879271]: started on cpu9
threads[3879273]: started on cpu10
threads[3879274]: started on cpu11
threads[3879275]: started on cpu12
threads[3879277]: started on cpu13
threads[3879287]: started on cpu14
threads[3879290]: started on cpu15
threads[3879297]: started on cpu16
threads[3879298]: started on cpu17
threads[3879299]: started on cpu18
threads[3879310]: started on cpu19
threads[3879311]: started on cpu20
threads[3879313]: started on cpu21
threads[3879314]: started on cpu22
threads[3879315]: started on cpu23
threads[3879316]: started on cpu24
threads[3879317]: started on cpu25
threads[3879318]: started on cpu26
threads[3879319]: started on cpu27
threads[3879225]: started on cpu0

3879247:perf-sync:ready:SYS=3640141606366056
[ perf record: Woken up 1 times to write data ]
threads[3879225]: samples=2, wakes=1, transferred=51048, compressed=6116
threads[3879254]: samples=1, wakes=2, transferred=4704, compressed=922
threads[3879255]: samples=1, wakes=2, transferred=25848, compressed=3087
threads[3879257]: samples=1, wakes=2, transferred=44384, compressed=5428
threads[3879259]: samples=1, wakes=2, transferred=135944, compressed=14823
threads[3879261]: samples=1, wakes=2, transferred=19440, compressed=1452
threads[3879266]: samples=1, wakes=2, transferred=69440, compressed=8066
threads[3879268]: samples=1, wakes=2, transferred=12888, compressed=2051
threads[3879269]: samples=1, wakes=2, transferred=9928, compressed=1699
threads[3879271]: samples=2, wakes=2, transferred=23616, compressed=2845
threads[3879273]: samples=1, wakes=2, transferred=400, compressed=157
threads[3879274]: samples=2, wakes=2, transferred=3456, compressed=572
threads[3879275]: samples=1, wakes=2, transferred=93328, compressed=8773
threads[3879277]: samples=1, wakes=2, transferred=15736, compressed=1894
threads[3879287]: samples=2, wakes=2, transferred=3584, compressed=631
threads[3879290]: samples=3, wakes=2, transferred=45664, compressed=5180
threads[3879297]: samples=1, wakes=2, transferred=92080, compressed=10006
threads[3879298]: samples=1, wakes=2, transferred=25560, compressed=3555
threads[3879299]: samples=1, wakes=2, transferred=183288, compressed=18129
threads[3879310]: samples=1, wakes=2, transferred=48208, compressed=5052
threads[3879311]: samples=1, wakes=2, transferred=43904, compressed=5629
threads[3879313]: samples=3, wakes=2, transferred=42136, compressed=5179
threads[3879314]: samples=1, wakes=2, transferred=123080, compressed=11329
threads[3879315]: samples=2, wakes=2, transferred=49816, compressed=5874
threads[3879316]: samples=2, wakes=2, transferred=92416, compressed=10272
threads[3879317]: samples=2, wakes=2, transferred=30376, compressed=3052
threads[3879318]: samples=2, wakes=2, transferred=100008, compressed=10768
threads[3879319]: samples=2, wakes=2, transferred=56760, compressed=7118
read LOST count failed
read LOST count failed
read LOST count failed
read LOST count failed
read LOST count failed
read LOST count failed
read LOST count failed
read LOST count failed
read LOST count failed
read LOST count failed
read LOST count failed
read LOST count failed
read LOST count failed
read LOST count failed
read LOST count failed
read LOST count failed
read LOST count failed
read LOST count failed
read LOST count failed
read LOST count failed
read LOST count failed
read LOST count failed
read LOST count failed
read LOST count failed
read LOST count failed
read LOST count failed
read LOST count failed
read LOST count failed
read LOST count failed
read LOST count failed
read LOST count failed
read LOST count failed
read LOST count failed
read LOST count failed
read LOST count failed
read LOST count failed
read LOST count failed
read LOST count failed
read LOST count failed
read LOST count failed
read LOST count failed
read LOST count failed
read LOST count failed
read LOST count failed
read LOST count failed
read LOST count failed
read LOST count failed
read LOST count failed
read LOST count failed
read LOST count failed
read LOST count failed
read LOST count failed
read LOST count failed
read LOST count failed
read LOST count failed
read LOST count failed
read LOST count failed
read LOST count failed
read LOST count failed
read LOST count failed
read LOST count failed
read LOST count failed
read LOST count failed
read LOST count failed
read LOST count failed
read LOST count failed
read LOST count failed
read LOST count failed
read LOST count failed
read LOST count failed
read LOST count failed
read LOST count failed
read LOST count failed
read LOST count failed
read LOST count failed
read LOST count failed
read LOST count failed
read LOST count failed
read LOST count failed
read LOST count failed
read LOST count failed
read LOST count failed
read LOST count failed
read LOST count failed
failed to write feature HYBRID_TOPOLOGY
[ perf record: Captured and wrote 1.307 MB /home/course/hpc/users/2021012702/hpc-lab/exp8/results/uarch-exploration.conv1/data.3/system-wide.perf, compressed (original 1.380 MB, ratio is 9.063) ]
