threads_spec: cpu
Using CPUID GenuineIntel-6-4F-1
DEBUGINFOD_URLS=
Compression enabled, disabling build id collection at the end of the session.
nr_threads: 28
thread_masks[0]: 0x55849d3fabb0: maps mask[28]: 0
thread_masks[0]: 0x55849d3fabc0: affinity mask[28]: 0
thread_masks[1]: 0x55849d3fabd0: maps mask[28]: 1
thread_masks[1]: 0x55849d3fabe0: affinity mask[28]: 1
thread_masks[2]: 0x55849d3fabf0: maps mask[28]: 2
thread_masks[2]: 0x55849d3fac00: affinity mask[28]: 2
thread_masks[3]: 0x55849d3fac10: maps mask[28]: 3
thread_masks[3]: 0x55849d3fac20: affinity mask[28]: 3
thread_masks[4]: 0x55849d3fac30: maps mask[28]: 4
thread_masks[4]: 0x55849d3fac40: affinity mask[28]: 4
thread_masks[5]: 0x55849d3fac50: maps mask[28]: 5
thread_masks[5]: 0x55849d3fac60: affinity mask[28]: 5
thread_masks[6]: 0x55849d3fac70: maps mask[28]: 6
thread_masks[6]: 0x55849d3fac80: affinity mask[28]: 6
thread_masks[7]: 0x55849d3fac90: maps mask[28]: 7
thread_masks[7]: 0x55849d3faca0: affinity mask[28]: 7
thread_masks[8]: 0x55849d3facb0: maps mask[28]: 8
thread_masks[8]: 0x55849d3facc0: affinity mask[28]: 8
thread_masks[9]: 0x55849d3facd0: maps mask[28]: 9
thread_masks[9]: 0x55849d3face0: affinity mask[28]: 9
thread_masks[10]: 0x55849d3facf0: maps mask[28]: 10
thread_masks[10]: 0x55849d3fad00: affinity mask[28]: 10
thread_masks[11]: 0x55849d3fad10: maps mask[28]: 11
thread_masks[11]: 0x55849d3fad20: affinity mask[28]: 11
thread_masks[12]: 0x55849d3fad30: maps mask[28]: 12
thread_masks[12]: 0x55849d3fad40: affinity mask[28]: 12
thread_masks[13]: 0x55849d3fad50: maps mask[28]: 13
thread_masks[13]: 0x55849d3fad60: affinity mask[28]: 13
thread_masks[14]: 0x55849d3fad70: maps mask[28]: 14
thread_masks[14]: 0x55849d3fad80: affinity mask[28]: 14
thread_masks[15]: 0x55849d3fad90: maps mask[28]: 15
thread_masks[15]: 0x55849d3fada0: affinity mask[28]: 15
thread_masks[16]: 0x55849d3fadb0: maps mask[28]: 16
thread_masks[16]: 0x55849d3fadc0: affinity mask[28]: 16
thread_masks[17]: 0x55849d3fadd0: maps mask[28]: 17
thread_masks[17]: 0x55849d3fade0: affinity mask[28]: 17
thread_masks[18]: 0x55849d3fadf0: maps mask[28]: 18
thread_masks[18]: 0x55849d3fae00: affinity mask[28]: 18
thread_masks[19]: 0x55849d3fae10: maps mask[28]: 19
thread_masks[19]: 0x55849d3fae20: affinity mask[28]: 19
thread_masks[20]: 0x55849d3fae30: maps mask[28]: 20
thread_masks[20]: 0x55849d3fae40: affinity mask[28]: 20
thread_masks[21]: 0x55849d3fae50: maps mask[28]: 21
thread_masks[21]: 0x55849d3fae60: affinity mask[28]: 21
thread_masks[22]: 0x55849d3fae70: maps mask[28]: 22
thread_masks[22]: 0x55849d3fae80: affinity mask[28]: 22
thread_masks[23]: 0x55849d3fae90: maps mask[28]: 23
thread_masks[23]: 0x55849d3faea0: affinity mask[28]: 23
thread_masks[24]: 0x55849d3faeb0: maps mask[28]: 24
thread_masks[24]: 0x55849d3faec0: affinity mask[28]: 24
thread_masks[25]: 0x55849d3faed0: maps mask[28]: 25
thread_masks[25]: 0x55849d3faee0: affinity mask[28]: 25
thread_masks[26]: 0x55849d3faef0: maps mask[28]: 26
thread_masks[26]: 0x55849d3faf00: affinity mask[28]: 26
thread_masks[27]: 0x55849d3faf10: maps mask[28]: 27
thread_masks[27]: 0x55849d3faf20: affinity mask[28]: 27
nr_cblocks: 0
affinity: SYS
mmap flush: 1
comp level: 1
mmap size 528384B
couldn't open /proc/1/task/1/maps
couldn't open /proc/606/task/606/maps
couldn't open /proc/648/task/648/maps
couldn't open /proc/761/task/761/maps
couldn't open /proc/763/task/763/maps
couldn't open /proc/946/task/946/maps
couldn't open /proc/960/task/960/maps
couldn't open /proc/963/task/963/maps
couldn't open /proc/976/task/976/maps
couldn't open /proc/985/task/985/maps
couldn't open /proc/999/task/999/maps
couldn't open /proc/1125/task/1125/maps
couldn't open /proc/1135/task/1135/maps
couldn't open /proc/1136/task/1136/maps
couldn't open /proc/1137/task/1137/maps
couldn't open /proc/1138/task/1138/maps
couldn't open /proc/1143/task/1143/maps
couldn't open /proc/1153/task/1153/maps
couldn't open /proc/1159/task/1159/maps
couldn't open /proc/1177/task/1177/maps
couldn't open /proc/3884803/task/3884803/maps
couldn't open /proc/3884807/task/3884807/maps
couldn't open /proc/3884810/task/3884810/maps
couldn't open /proc/3884922/task/3884922/maps
couldn't open /proc/3885053/task/3885053/maps
couldn't open /proc/3885077/task/3885077/maps
couldn't open /proc/3885128/task/3885128/maps
couldn't open /proc/3885190/task/3885190/maps
couldn't open /proc/3885191/task/3885191/maps
threads[3885212]: started on cpu1
threads[3885213]: started on cpu2
threads[3885214]: started on cpu3
threads[3885215]: started on cpu4
threads[3885216]: started on cpu5
threads[3885217]: started on cpu6
threads[3885218]: started on cpu7
threads[3885219]: started on cpu8
threads[3885220]: started on cpu9
threads[3885221]: started on cpu10
threads[3885222]: started on cpu11
threads[3885223]: started on cpu12
threads[3885224]: started on cpu13
threads[3885225]: started on cpu14
threads[3885226]: started on cpu15
threads[3885227]: started on cpu16
threads[3885228]: started on cpu17
threads[3885229]: started on cpu18
threads[3885230]: started on cpu19
threads[3885231]: started on cpu20
threads[3885232]: started on cpu21
threads[3885233]: started on cpu22
threads[3885234]: started on cpu23
threads[3885235]: started on cpu24
threads[3885236]: started on cpu25
threads[3885237]: started on cpu26
threads[3885238]: started on cpu27
threads[3885210]: started on cpu0

3885211:perf-sync:ready:SYS=3641228243278649
[ perf record: Woken up 11 times to write data ]
threads[3885210]: samples=3, wakes=2, transferred=430256, compressed=45701
threads[3885212]: samples=2, wakes=2, transferred=59632, compressed=8870
threads[3885213]: samples=1, wakes=2, transferred=125968, compressed=16164
threads[3885214]: samples=2, wakes=2, transferred=105320, compressed=14266
threads[3885215]: samples=2, wakes=2, transferred=39464, compressed=5475
threads[3885216]: samples=3, wakes=3, transferred=485648, compressed=45276
threads[3885217]: samples=1, wakes=2, transferred=20944, compressed=3658
threads[3885218]: samples=3, wakes=3, transferred=307864, compressed=30371
threads[3885219]: samples=4, wakes=3, transferred=355792, compressed=38080
threads[3885220]: samples=2, wakes=2, transferred=42080, compressed=6897
threads[3885221]: samples=4, wakes=3, transferred=374640, compressed=40403
threads[3885222]: samples=2, wakes=2, transferred=107952, compressed=15214
threads[3885223]: samples=2, wakes=2, transferred=78520, compressed=11609
threads[3885224]: samples=2, wakes=2, transferred=132760, compressed=17036
threads[3885225]: samples=2, wakes=2, transferred=24272, compressed=4276
threads[3885226]: samples=2, wakes=2, transferred=107400, compressed=13689
threads[3885227]: samples=3, wakes=3, transferred=268640, compressed=29652
threads[3885228]: samples=2, wakes=2, transferred=30648, compressed=4926
threads[3885229]: samples=2, wakes=2, transferred=90960, compressed=11650
threads[3885230]: samples=2, wakes=2, transferred=62816, compressed=9189
threads[3885231]: samples=2, wakes=2, transferred=82720, compressed=11761
threads[3885232]: samples=3, wakes=3, transferred=363544, compressed=36175
threads[3885233]: samples=1, wakes=2, transferred=140320, compressed=17550
threads[3885234]: samples=6, wakes=4, transferred=529696, compressed=65671
threads[3885235]: samples=2, wakes=2, transferred=89288, compressed=10881
threads[3885236]: samples=3, wakes=3, transferred=438736, compressed=46911
threads[3885237]: samples=2, wakes=2, transferred=70064, compressed=10027
threads[3885238]: samples=1, wakes=2, transferred=159296, compressed=18139
failed to write feature HYBRID_TOPOLOGY
[ perf record: Captured and wrote 1.428 MB /home/course/hpc/users/2021012702/hpc-lab/exp8/results/uarch-exploration.conv1/data.0/system-wide.perf, compressed (original 4.888 MB, ratio is 8.694) ]
