threads_spec: cpu
Using CPUID GenuineIntel-6-4F-1
DEBUGINFOD_URLS=
Compression enabled, disabling build id collection at the end of the session.
nr_threads: 28
thread_masks[0]: 0x55a367402bb0: maps mask[28]: 0
thread_masks[0]: 0x55a367402bc0: affinity mask[28]: 0
thread_masks[1]: 0x55a367402bd0: maps mask[28]: 1
thread_masks[1]: 0x55a367402be0: affinity mask[28]: 1
thread_masks[2]: 0x55a367402bf0: maps mask[28]: 2
thread_masks[2]: 0x55a367402c00: affinity mask[28]: 2
thread_masks[3]: 0x55a367402c10: maps mask[28]: 3
thread_masks[3]: 0x55a367402c20: affinity mask[28]: 3
thread_masks[4]: 0x55a367402c30: maps mask[28]: 4
thread_masks[4]: 0x55a367402c40: affinity mask[28]: 4
thread_masks[5]: 0x55a367402c50: maps mask[28]: 5
thread_masks[5]: 0x55a367402c60: affinity mask[28]: 5
thread_masks[6]: 0x55a367402c70: maps mask[28]: 6
thread_masks[6]: 0x55a367402c80: affinity mask[28]: 6
thread_masks[7]: 0x55a367402c90: maps mask[28]: 7
thread_masks[7]: 0x55a367402ca0: affinity mask[28]: 7
thread_masks[8]: 0x55a367402cb0: maps mask[28]: 8
thread_masks[8]: 0x55a367402cc0: affinity mask[28]: 8
thread_masks[9]: 0x55a367402cd0: maps mask[28]: 9
thread_masks[9]: 0x55a367402ce0: affinity mask[28]: 9
thread_masks[10]: 0x55a367402cf0: maps mask[28]: 10
thread_masks[10]: 0x55a367402d00: affinity mask[28]: 10
thread_masks[11]: 0x55a367402d10: maps mask[28]: 11
thread_masks[11]: 0x55a367402d20: affinity mask[28]: 11
thread_masks[12]: 0x55a367402d30: maps mask[28]: 12
thread_masks[12]: 0x55a367402d40: affinity mask[28]: 12
thread_masks[13]: 0x55a367402d50: maps mask[28]: 13
thread_masks[13]: 0x55a367402d60: affinity mask[28]: 13
thread_masks[14]: 0x55a367402d70: maps mask[28]: 14
thread_masks[14]: 0x55a367402d80: affinity mask[28]: 14
thread_masks[15]: 0x55a367402d90: maps mask[28]: 15
thread_masks[15]: 0x55a367402da0: affinity mask[28]: 15
thread_masks[16]: 0x55a367402db0: maps mask[28]: 16
thread_masks[16]: 0x55a367402dc0: affinity mask[28]: 16
thread_masks[17]: 0x55a367402dd0: maps mask[28]: 17
thread_masks[17]: 0x55a367402de0: affinity mask[28]: 17
thread_masks[18]: 0x55a367402df0: maps mask[28]: 18
thread_masks[18]: 0x55a367402e00: affinity mask[28]: 18
thread_masks[19]: 0x55a367402e10: maps mask[28]: 19
thread_masks[19]: 0x55a367402e20: affinity mask[28]: 19
thread_masks[20]: 0x55a367402e30: maps mask[28]: 20
thread_masks[20]: 0x55a367402e40: affinity mask[28]: 20
thread_masks[21]: 0x55a367402e50: maps mask[28]: 21
thread_masks[21]: 0x55a367402e60: affinity mask[28]: 21
thread_masks[22]: 0x55a367402e70: maps mask[28]: 22
thread_masks[22]: 0x55a367402e80: affinity mask[28]: 22
thread_masks[23]: 0x55a367402e90: maps mask[28]: 23
thread_masks[23]: 0x55a367402ea0: affinity mask[28]: 23
thread_masks[24]: 0x55a367402eb0: maps mask[28]: 24
thread_masks[24]: 0x55a367402ec0: affinity mask[28]: 24
thread_masks[25]: 0x55a367402ed0: maps mask[28]: 25
thread_masks[25]: 0x55a367402ee0: affinity mask[28]: 25
thread_masks[26]: 0x55a367402ef0: maps mask[28]: 26
thread_masks[26]: 0x55a367402f00: affinity mask[28]: 26
thread_masks[27]: 0x55a367402f10: maps mask[28]: 27
thread_masks[27]: 0x55a367402f20: affinity mask[28]: 27
nr_cblocks: 0
affinity: SYS
mmap flush: 1
comp level: 1
mmap size 528384B
couldn't open /proc/1/task/1/maps
couldn't open /proc/606/task/606/maps
couldn't open /proc/648/task/648/maps
couldn't open /proc/761/task/761/maps
couldn't open /proc/763/task/763/maps
couldn't open /proc/946/task/946/maps
couldn't open /proc/960/task/960/maps
couldn't open /proc/963/task/963/maps
couldn't open /proc/976/task/976/maps
couldn't open /proc/985/task/985/maps
couldn't open /proc/999/task/999/maps
couldn't open /proc/1125/task/1125/maps
couldn't open /proc/1135/task/1135/maps
couldn't open /proc/1136/task/1136/maps
couldn't open /proc/1137/task/1137/maps
couldn't open /proc/1138/task/1138/maps
couldn't open /proc/1143/task/1143/maps
couldn't open /proc/1153/task/1153/maps
couldn't open /proc/1159/task/1159/maps
couldn't open /proc/1177/task/1177/maps
couldn't open /proc/3884803/task/3884803/maps
couldn't open /proc/3884807/task/3884807/maps
couldn't open /proc/3884810/task/3884810/maps
couldn't open /proc/3884922/task/3884922/maps
couldn't open /proc/3885053/task/3885053/maps
couldn't open /proc/3885077/task/3885077/maps
couldn't open /proc/3885128/task/3885128/maps
couldn't open /proc/3885252/task/3885252/maps
couldn't open /proc/3885253/task/3885253/maps
threads[3885377]: started on cpu1
threads[3885378]: started on cpu2
threads[3885379]: started on cpu3
threads[3885383]: started on cpu4
threads[3885400]: started on cpu5
threads[3885401]: started on cpu6
threads[3885416]: started on cpu7
threads[3885425]: started on cpu8
threads[3885427]: started on cpu9
threads[3885433]: started on cpu10
threads[3885435]: started on cpu11
threads[3885436]: started on cpu12
threads[3885437]: started on cpu13
threads[3885438]: started on cpu14
threads[3885444]: started on cpu15
threads[3885446]: started on cpu16
threads[3885448]: started on cpu17
threads[3885450]: started on cpu18
threads[3885452]: started on cpu19
threads[3885454]: started on cpu20
threads[3885456]: started on cpu21
threads[3885458]: started on cpu22
threads[3885460]: started on cpu23
threads[3885462]: started on cpu24
threads[3885463]: started on cpu25
threads[3885466]: started on cpu26
threads[3885468]: started on cpu27
threads[3885269]: started on cpu0

3885291:perf-sync:ready:SYS=3641229056066659
[ perf record: Woken up 1 times to write data ]
threads[3885269]: samples=2, wakes=1, transferred=71632, compressed=6590
threads[3885377]: samples=2, wakes=2, transferred=9664, compressed=1593
threads[3885378]: samples=2, wakes=2, transferred=66936, compressed=6560
threads[3885379]: samples=2, wakes=2, transferred=54632, compressed=6228
threads[3885383]: samples=2, wakes=2, transferred=29128, compressed=3489
threads[3885400]: samples=2, wakes=2, transferred=19456, compressed=2941
threads[3885401]: samples=1, wakes=2, transferred=976, compressed=314
threads[3885416]: samples=1, wakes=2, transferred=3704, compressed=728
threads[3885425]: samples=2, wakes=2, transferred=19568, compressed=2590
threads[3885427]: samples=1, wakes=2, transferred=928, compressed=308
threads[3885433]: samples=2, wakes=2, transferred=30400, compressed=3724
threads[3885435]: samples=2, wakes=2, transferred=35440, compressed=4668
threads[3885436]: samples=1, wakes=2, transferred=31128, compressed=3833
threads[3885437]: samples=2, wakes=2, transferred=74632, compressed=7550
threads[3885438]: samples=2, wakes=2, transferred=5152, compressed=871
threads[3885444]: samples=1, wakes=2, transferred=35240, compressed=2644
threads[3885446]: samples=2, wakes=2, transferred=17232, compressed=2545
threads[3885448]: samples=2, wakes=2, transferred=17560, compressed=2428
threads[3885450]: samples=3, wakes=2, transferred=59616, compressed=6726
threads[3885452]: samples=2, wakes=2, transferred=12096, compressed=1917
threads[3885454]: samples=2, wakes=2, transferred=32976, compressed=4053
threads[3885456]: samples=3, wakes=2, transferred=44584, compressed=3930
threads[3885458]: samples=2, wakes=2, transferred=4528, compressed=913
threads[3885460]: samples=2, wakes=2, transferred=81248, compressed=8206
threads[3885462]: samples=3, wakes=2, transferred=47592, compressed=4250
threads[3885463]: samples=3, wakes=2, transferred=70336, compressed=7121
threads[3885466]: samples=3, wakes=2, transferred=31808, compressed=4029
threads[3885468]: samples=2, wakes=2, transferred=101232, compressed=8270
read LOST count failed
read LOST count failed
read LOST count failed
read LOST count failed
read LOST count failed
read LOST count failed
read LOST count failed
read LOST count failed
read LOST count failed
read LOST count failed
read LOST count failed
read LOST count failed
read LOST count failed
read LOST count failed
read LOST count failed
read LOST count failed
read LOST count failed
read LOST count failed
read LOST count failed
read LOST count failed
read LOST count failed
read LOST count failed
read LOST count failed
read LOST count failed
read LOST count failed
read LOST count failed
read LOST count failed
read LOST count failed
read LOST count failed
read LOST count failed
read LOST count failed
read LOST count failed
read LOST count failed
read LOST count failed
read LOST count failed
read LOST count failed
read LOST count failed
read LOST count failed
read LOST count failed
read LOST count failed
read LOST count failed
read LOST count failed
read LOST count failed
read LOST count failed
read LOST count failed
read LOST count failed
read LOST count failed
read LOST count failed
read LOST count failed
read LOST count failed
read LOST count failed
read LOST count failed
read LOST count failed
read LOST count failed
read LOST count failed
read LOST count failed
read LOST count failed
read LOST count failed
read LOST count failed
read LOST count failed
read LOST count failed
read LOST count failed
read LOST count failed
read LOST count failed
read LOST count failed
read LOST count failed
read LOST count failed
read LOST count failed
read LOST count failed
read LOST count failed
read LOST count failed
read LOST count failed
read LOST count failed
read LOST count failed
read LOST count failed
read LOST count failed
read LOST count failed
read LOST count failed
read LOST count failed
read LOST count failed
read LOST count failed
read LOST count failed
read LOST count failed
read LOST count failed
failed to write feature HYBRID_TOPOLOGY
[ perf record: Captured and wrote 1.326 MB /home/course/hpc/users/2021012702/hpc-lab/exp8/results/uarch-exploration.conv1/data.4/system-wide.perf, compressed (original 0.963 MB, ratio is 9.259) ]
