[..-lab/PA3/src/util.cu:74 (argParse)] dset = "arxiv" (std::string)
[..-lab/PA3/src/data.cu:5 (load_graph)] loading
[..ab/PA3/test/main.cpp:17 (main)] kLen = 32 (int)
[==========] Running 3 tests from 1 test suite.
[----------] Global test environment set-up.
[----------] 3 tests from SpMMTest
[ RUN      ] SpMMTest.validation
[       OK ] SpMMTest.validation (56 ms)
[ RUN      ] SpMMTest.cusparse_performance
[..A3/test/test_spmm.cu:62 (TestBody)] time = 0.000770431 (double)
[       OK ] SpMMTest.cusparse_performance (239 ms)
[ RUN      ] SpMMTest.opt_performance
[..A3/test/test_spmm.cu:71 (TestBody)] time = 0.00152704 (double)
[       OK ] SpMMTest.opt_performance (50 ms)
[----------] 3 tests from SpMMTest (346 ms total)

[----------] Global test environment tear-down
[==========] 3 tests from 1 test suite ran. (346 ms total)
[  PASSED  ] 3 tests.
[..-lab/PA3/src/util.cu:74 (argParse)] dset = "arxiv" (std::string)
[..-lab/PA3/src/data.cu:5 (load_graph)] loading
[..ab/PA3/test/main.cpp:17 (main)] kLen = 256 (int)
[==========] Running 3 tests from 1 test suite.
[----------] Global test environment set-up.
[----------] 3 tests from SpMMTest
[ RUN      ] SpMMTest.validation
[       OK ] SpMMTest.validation (428 ms)
[ RUN      ] SpMMTest.cusparse_performance
[..A3/test/test_spmm.cu:62 (TestBody)] time = 0.00299573 (double)
[       OK ] SpMMTest.cusparse_performance (315 ms)
[ RUN      ] SpMMTest.opt_performance
[..A3/test/test_spmm.cu:71 (TestBody)] time = 0.00497061 (double)
[       OK ] SpMMTest.opt_performance (171 ms)
[----------] 3 tests from SpMMTest (915 ms total)

[----------] Global test environment tear-down
[==========] 3 tests from 1 test suite ran. (915 ms total)
[  PASSED  ] 3 tests.
[..-lab/PA3/src/util.cu:74 (argParse)] dset = "collab" (std::string)
[..-lab/PA3/src/data.cu:5 (load_graph)] loading
[..ab/PA3/test/main.cpp:17 (main)] kLen = 32 (int)
[==========] Running 3 tests from 1 test suite.
[----------] Global test environment set-up.
[----------] 3 tests from SpMMTest
[ RUN      ] SpMMTest.validation
[       OK ] SpMMTest.validation (33 ms)
[ RUN      ] SpMMTest.cusparse_performance
[..A3/test/test_spmm.cu:62 (TestBody)] time = 0.00133278 (double)
[       OK ] SpMMTest.cusparse_performance (250 ms)
[ RUN      ] SpMMTest.opt_performance
[..A3/test/test_spmm.cu:71 (TestBody)] time = 0.000742489 (double)
[       OK ] SpMMTest.opt_performance (28 ms)
[----------] 3 tests from SpMMTest (312 ms total)

[----------] Global test environment tear-down
[==========] 3 tests from 1 test suite ran. (312 ms total)
[  PASSED  ] 3 tests.
[..-lab/PA3/src/util.cu:74 (argParse)] dset = "collab" (std::string)
[..-lab/PA3/src/data.cu:5 (load_graph)] loading
[..ab/PA3/test/main.cpp:17 (main)] kLen = 256 (int)
[==========] Running 3 tests from 1 test suite.
[----------] Global test environment set-up.
[----------] 3 tests from SpMMTest
[ RUN      ] SpMMTest.validation
[       OK ] SpMMTest.validation (227 ms)
[ RUN      ] SpMMTest.cusparse_performance
[..A3/test/test_spmm.cu:62 (TestBody)] time = 0.00520161 (double)
[       OK ] SpMMTest.cusparse_performance (381 ms)
[ RUN      ] SpMMTest.opt_performance
[..A3/test/test_spmm.cu:71 (TestBody)] time = 0.00516804 (double)
[       OK ] SpMMTest.opt_performance (185 ms)
[----------] 3 tests from SpMMTest (795 ms total)

[----------] Global test environment tear-down
[==========] 3 tests from 1 test suite ran. (795 ms total)
[  PASSED  ] 3 tests.
[..-lab/PA3/src/util.cu:74 (argParse)] dset = "citation" (std::string)
[..-lab/PA3/src/data.cu:5 (load_graph)] loading
[..ab/PA3/test/main.cpp:17 (main)] kLen = 32 (int)
[==========] Running 3 tests from 1 test suite.
[----------] Global test environment set-up.
[----------] 3 tests from SpMMTest
[ RUN      ] SpMMTest.validation
[       OK ] SpMMTest.validation (377 ms)
[ RUN      ] SpMMTest.cusparse_performance
[..A3/test/test_spmm.cu:62 (TestBody)] time = 0.0164469 (double)
[       OK ] SpMMTest.cusparse_performance (749 ms)
[ RUN      ] SpMMTest.opt_performance
[..A3/test/test_spmm.cu:71 (TestBody)] time = 0.00950232 (double)
[       OK ] SpMMTest.opt_performance (340 ms)
[----------] 3 tests from SpMMTest (1467 ms total)

[----------] Global test environment tear-down
[==========] 3 tests from 1 test suite ran. (1467 ms total)
[  PASSED  ] 3 tests.
[..-lab/PA3/src/util.cu:74 (argParse)] dset = "citation" (std::string)
[..-lab/PA3/src/data.cu:5 (load_graph)] loading
[..ab/PA3/test/main.cpp:17 (main)] kLen = 256 (int)
[==========] Running 3 tests from 1 test suite.
[----------] Global test environment set-up.
[----------] 3 tests from SpMMTest
[ RUN      ] SpMMTest.validation
[       OK ] SpMMTest.validation (2961 ms)
[ RUN      ] SpMMTest.cusparse_performance
[..A3/test/test_spmm.cu:62 (TestBody)] time = 0.0790339 (double)
[       OK ] SpMMTest.cusparse_performance (2854 ms)
[ RUN      ] SpMMTest.opt_performance
[..A3/test/test_spmm.cu:71 (TestBody)] time = 0.0728771 (double)
[       OK ] SpMMTest.opt_performance (2457 ms)
[----------] 3 tests from SpMMTest (8273 ms total)

[----------] Global test environment tear-down
[==========] 3 tests from 1 test suite ran. (8273 ms total)
[  PASSED  ] 3 tests.
[..-lab/PA3/src/util.cu:74 (argParse)] dset = "ddi" (std::string)
[..-lab/PA3/src/data.cu:5 (load_graph)] loading
[..ab/PA3/test/main.cpp:17 (main)] kLen = 32 (int)
[==========] Running 3 tests from 1 test suite.
[----------] Global test environment set-up.
[----------] 3 tests from SpMMTest
[ RUN      ] SpMMTest.validation
[       OK ] SpMMTest.validation (17 ms)
[ RUN      ] SpMMTest.cusparse_performance
[..A3/test/test_spmm.cu:62 (TestBody)] time = 0.000639841 (double)
[       OK ] SpMMTest.cusparse_performance (225 ms)
[ RUN      ] SpMMTest.opt_performance
[..A3/test/test_spmm.cu:71 (TestBody)] time = 0.000321041 (double)
[       OK ] SpMMTest.opt_performance (11 ms)
[----------] 3 tests from SpMMTest (254 ms total)

[----------] Global test environment tear-down
[==========] 3 tests from 1 test suite ran. (254 ms total)
[  PASSED  ] 3 tests.
[..-lab/PA3/src/util.cu:74 (argParse)] dset = "ddi" (std::string)
[..-lab/PA3/src/data.cu:5 (load_graph)] loading
[..ab/PA3/test/main.cpp:17 (main)] kLen = 256 (int)
[==========] Running 3 tests from 1 test suite.
[----------] Global test environment set-up.
[----------] 3 tests from SpMMTest
[ RUN      ] SpMMTest.validation
[       OK ] SpMMTest.validation (105 ms)
[ RUN      ] SpMMTest.cusparse_performance
[..A3/test/test_spmm.cu:62 (TestBody)] time = 0.00155437 (double)
[       OK ] SpMMTest.cusparse_performance (259 ms)
[ RUN      ] SpMMTest.opt_performance
[..A3/test/test_spmm.cu:71 (TestBody)] time = 0.00157082 (double)
[       OK ] SpMMTest.opt_performance (49 ms)
[----------] 3 tests from SpMMTest (415 ms total)

[----------] Global test environment tear-down
[==========] 3 tests from 1 test suite ran. (415 ms total)
[  PASSED  ] 3 tests.
[..-lab/PA3/src/util.cu:74 (argParse)] dset = "protein" (std::string)
[..-lab/PA3/src/data.cu:5 (load_graph)] loading
[..ab/PA3/test/main.cpp:17 (main)] kLen = 32 (int)
[==========] Running 3 tests from 1 test suite.
[----------] Global test environment set-up.
[----------] 3 tests from SpMMTest
[ RUN      ] SpMMTest.validation
[       OK ] SpMMTest.validation (826 ms)
[ RUN      ] SpMMTest.cusparse_performance
[..A3/test/test_spmm.cu:62 (TestBody)] time = 0.0246585 (double)
[       OK ] SpMMTest.cusparse_performance (981 ms)
[ RUN      ] SpMMTest.opt_performance
[..A3/test/test_spmm.cu:71 (TestBody)] time = 0.00880357 (double)
[       OK ] SpMMTest.opt_performance (302 ms)
[----------] 3 tests from SpMMTest (2111 ms total)

[----------] Global test environment tear-down
[==========] 3 tests from 1 test suite ran. (2111 ms total)
[  PASSED  ] 3 tests.
[..-lab/PA3/src/util.cu:74 (argParse)] dset = "protein" (std::string)
[..-lab/PA3/src/data.cu:5 (load_graph)] loading
[..ab/PA3/test/main.cpp:17 (main)] kLen = 256 (int)
[==========] Running 3 tests from 1 test suite.
[----------] Global test environment set-up.
[----------] 3 tests from SpMMTest
[ RUN      ] SpMMTest.validation
[       OK ] SpMMTest.validation (7395 ms)
[ RUN      ] SpMMTest.cusparse_performance
[..A3/test/test_spmm.cu:62 (TestBody)] time = 0.08083 (double)
[       OK ] SpMMTest.cusparse_performance (2679 ms)
[ RUN      ] SpMMTest.opt_performance
[..A3/test/test_spmm.cu:71 (TestBody)] time = 0.0947811 (double)
[       OK ] SpMMTest.opt_performance (2895 ms)
[----------] 3 tests from SpMMTest (12969 ms total)

[----------] Global test environment tear-down
[==========] 3 tests from 1 test suite ran. (12969 ms total)
[  PASSED  ] 3 tests.
[..-lab/PA3/src/util.cu:74 (argParse)] dset = "ppa" (std::string)
[..-lab/PA3/src/data.cu:5 (load_graph)] loading
[..ab/PA3/test/main.cpp:17 (main)] kLen = 32 (int)
[==========] Running 3 tests from 1 test suite.
[----------] Global test environment set-up.
[----------] 3 tests from SpMMTest
[ RUN      ] SpMMTest.validation
[       OK ] SpMMTest.validation (483 ms)
[ RUN      ] SpMMTest.cusparse_performance
[..A3/test/test_spmm.cu:62 (TestBody)] time = 0.0183818 (double)
[       OK ] SpMMTest.cusparse_performance (787 ms)
[ RUN      ] SpMMTest.opt_performance
[..A3/test/test_spmm.cu:71 (TestBody)] time = 0.0104375 (double)
[       OK ] SpMMTest.opt_performance (345 ms)
[----------] 3 tests from SpMMTest (1616 ms total)

[----------] Global test environment tear-down
[==========] 3 tests from 1 test suite ran. (1616 ms total)
[  PASSED  ] 3 tests.
[..-lab/PA3/src/util.cu:74 (argParse)] dset = "ppa" (std::string)
[..-lab/PA3/src/data.cu:5 (load_graph)] loading
[..ab/PA3/test/main.cpp:17 (main)] kLen = 256 (int)
[==========] Running 3 tests from 1 test suite.
[----------] Global test environment set-up.
[----------] 3 tests from SpMMTest
[ RUN      ] SpMMTest.validation
[       OK ] SpMMTest.validation (3869 ms)
[ RUN      ] SpMMTest.cusparse_performance
[..A3/test/test_spmm.cu:62 (TestBody)] time = 0.0848884 (double)
[       OK ] SpMMTest.cusparse_performance (2818 ms)
[ RUN      ] SpMMTest.opt_performance
[..A3/test/test_spmm.cu:71 (TestBody)] time = 0.0861102 (double)
[       OK ] SpMMTest.opt_performance (2648 ms)
[----------] 3 tests from SpMMTest (9335 ms total)

[----------] Global test environment tear-down
[==========] 3 tests from 1 test suite ran. (9335 ms total)
[  PASSED  ] 3 tests.
[..-lab/PA3/src/util.cu:74 (argParse)] dset = "reddit.dgl" (std::string)
[..-lab/PA3/src/data.cu:5 (load_graph)] loading
[..ab/PA3/test/main.cpp:17 (main)] kLen = 32 (int)
[==========] Running 3 tests from 1 test suite.
[----------] Global test environment set-up.
[----------] 3 tests from SpMMTest
[ RUN      ] SpMMTest.validation
[       OK ] SpMMTest.validation (1156 ms)
[ RUN      ] SpMMTest.cusparse_performance
[..A3/test/test_spmm.cu:62 (TestBody)] time = 0.0485319 (double)
[       OK ] SpMMTest.cusparse_performance (1710 ms)
[ RUN      ] SpMMTest.opt_performance
[..A3/test/test_spmm.cu:71 (TestBody)] time = 0.0222012 (double)
[       OK ] SpMMTest.opt_performance (717 ms)
[----------] 3 tests from SpMMTest (3585 ms total)

[----------] Global test environment tear-down
[==========] 3 tests from 1 test suite ran. (3585 ms total)
[  PASSED  ] 3 tests.
[..-lab/PA3/src/util.cu:74 (argParse)] dset = "reddit.dgl" (std::string)
[..-lab/PA3/src/data.cu:5 (load_graph)] loading
[..ab/PA3/test/main.cpp:17 (main)] kLen = 256 (int)
[==========] Running 3 tests from 1 test suite.
[----------] Global test environment set-up.
[----------] 3 tests from SpMMTest
[ RUN      ] SpMMTest.validation
[       OK ] SpMMTest.validation (10298 ms)
[ RUN      ] SpMMTest.cusparse_performance
[..A3/test/test_spmm.cu:62 (TestBody)] time = 0.202341 (double)
[       OK ] SpMMTest.cusparse_performance (6335 ms)
[ RUN      ] SpMMTest.opt_performance
[..A3/test/test_spmm.cu:71 (TestBody)] time = 0.209083 (double)
[       OK ] SpMMTest.opt_performance (6338 ms)
[----------] 3 tests from SpMMTest (22971 ms total)

[----------] Global test environment tear-down
[==========] 3 tests from 1 test suite ran. (22971 ms total)
[  PASSED  ] 3 tests.
[..-lab/PA3/src/util.cu:74 (argParse)] dset = "products" (std::string)
[..-lab/PA3/src/data.cu:5 (load_graph)] loading
[..ab/PA3/test/main.cpp:17 (main)] kLen = 32 (int)
[==========] Running 3 tests from 1 test suite.
[----------] Global test environment set-up.
[----------] 3 tests from SpMMTest
[ RUN      ] SpMMTest.validation
[       OK ] SpMMTest.validation (1419 ms)
[ RUN      ] SpMMTest.cusparse_performance
[..A3/test/test_spmm.cu:62 (TestBody)] time = 0.0558589 (double)
[       OK ] SpMMTest.cusparse_performance (1945 ms)
[ RUN      ] SpMMTest.opt_performance
[..A3/test/test_spmm.cu:71 (TestBody)] time = 0.0324338 (double)
[       OK ] SpMMTest.opt_performance (1043 ms)
[----------] 3 tests from SpMMTest (4408 ms total)

[----------] Global test environment tear-down
[==========] 3 tests from 1 test suite ran. (4409 ms total)
[  PASSED  ] 3 tests.
[..-lab/PA3/src/util.cu:74 (argParse)] dset = "products" (std::string)
[..-lab/PA3/src/data.cu:5 (load_graph)] loading
[..ab/PA3/test/main.cpp:17 (main)] kLen = 256 (int)
[==========] Running 3 tests from 1 test suite.
[----------] Global test environment set-up.
[----------] 3 tests from SpMMTest
[ RUN      ] SpMMTest.validation
[       OK ] SpMMTest.validation (11321 ms)
[ RUN      ] SpMMTest.cusparse_performance
[..A3/test/test_spmm.cu:62 (TestBody)] time = 0.258446 (double)
[       OK ] SpMMTest.cusparse_performance (8206 ms)
[ RUN      ] SpMMTest.opt_performance
[..A3/test/test_spmm.cu:71 (TestBody)] time = 0.255989 (double)
[       OK ] SpMMTest.opt_performance (7921 ms)
[----------] 3 tests from SpMMTest (27450 ms total)

[----------] Global test environment tear-down
[==========] 3 tests from 1 test suite ran. (27450 ms total)
[  PASSED  ] 3 tests.
[..-lab/PA3/src/util.cu:74 (argParse)] dset = "youtube" (std::string)
[..-lab/PA3/src/data.cu:5 (load_graph)] loading
[..ab/PA3/test/main.cpp:17 (main)] kLen = 32 (int)
[==========] Running 3 tests from 1 test suite.
[----------] Global test environment set-up.
[----------] 3 tests from SpMMTest
[ RUN      ] SpMMTest.validation
[       OK ] SpMMTest.validation (164 ms)
[ RUN      ] SpMMTest.cusparse_performance
[..A3/test/test_spmm.cu:62 (TestBody)] time = 0.00364349 (double)
[       OK ] SpMMTest.cusparse_performance (332 ms)
[ RUN      ] SpMMTest.opt_performance
[..A3/test/test_spmm.cu:71 (TestBody)] time = 0.00376413 (double)
[       OK ] SpMMTest.opt_performance (134 ms)
[----------] 3 tests from SpMMTest (631 ms total)

[----------] Global test environment tear-down
[==========] 3 tests from 1 test suite ran. (631 ms total)
[  PASSED  ] 3 tests.
[..-lab/PA3/src/util.cu:74 (argParse)] dset = "youtube" (std::string)
[..-lab/PA3/src/data.cu:5 (load_graph)] loading
[..ab/PA3/test/main.cpp:17 (main)] kLen = 256 (int)
[==========] Running 3 tests from 1 test suite.
[----------] Global test environment set-up.
[----------] 3 tests from SpMMTest
[ RUN      ] SpMMTest.validation
[       OK ] SpMMTest.validation (1252 ms)
[ RUN      ] SpMMTest.cusparse_performance
[..A3/test/test_spmm.cu:62 (TestBody)] time = 0.0144324 (double)
[       OK ] SpMMTest.cusparse_performance (707 ms)
[ RUN      ] SpMMTest.opt_performance
[..A3/test/test_spmm.cu:71 (TestBody)] time = 0.0141923 (double)
[       OK ] SpMMTest.opt_performance (492 ms)
[----------] 3 tests from SpMMTest (2452 ms total)

[----------] Global test environment tear-down
[==========] 3 tests from 1 test suite ran. (2452 ms total)
[  PASSED  ] 3 tests.
[..-lab/PA3/src/util.cu:74 (argParse)] dset = "amazon_cogdl" (std::string)
[..-lab/PA3/src/data.cu:5 (load_graph)] loading
[..ab/PA3/test/main.cpp:17 (main)] kLen = 32 (int)
[==========] Running 3 tests from 1 test suite.
[----------] Global test environment set-up.
[----------] 3 tests from SpMMTest
[ RUN      ] SpMMTest.validation
[       OK ] SpMMTest.validation (2580 ms)
[ RUN      ] SpMMTest.cusparse_performance
[..A3/test/test_spmm.cu:62 (TestBody)] time = 0.125327 (double)
[       OK ] SpMMTest.cusparse_performance (4057 ms)
[ RUN      ] SpMMTest.opt_performance
[..A3/test/test_spmm.cu:71 (TestBody)] time = 0.0605214 (double)
[       OK ] SpMMTest.opt_performance (1905 ms)
[----------] 3 tests from SpMMTest (8543 ms total)

[----------] Global test environment tear-down
[==========] 3 tests from 1 test suite ran. (8543 ms total)
[  PASSED  ] 3 tests.
[..-lab/PA3/src/util.cu:74 (argParse)] dset = "amazon_cogdl" (std::string)
[..-lab/PA3/src/data.cu:5 (load_graph)] loading
[..ab/PA3/test/main.cpp:17 (main)] kLen = 256 (int)
[==========] Running 3 tests from 1 test suite.
[----------] Global test environment set-up.
[----------] 3 tests from SpMMTest
[ RUN      ] SpMMTest.validation
[       OK ] SpMMTest.validation (22222 ms)
[ RUN      ] SpMMTest.cusparse_performance
[..A3/test/test_spmm.cu:62 (TestBody)] time = 0.517897 (double)
[       OK ] SpMMTest.cusparse_performance (15907 ms)
[ RUN      ] SpMMTest.opt_performance
[..A3/test/test_spmm.cu:71 (TestBody)] time = 0.513002 (double)
[       OK ] SpMMTest.opt_performance (15523 ms)
[----------] 3 tests from SpMMTest (53654 ms total)

[----------] Global test environment tear-down
[==========] 3 tests from 1 test suite ran. (53654 ms total)
[  PASSED  ] 3 tests.
[..-lab/PA3/src/util.cu:74 (argParse)] dset = "yelp" (std::string)
[..-lab/PA3/src/data.cu:5 (load_graph)] loading
[..ab/PA3/test/main.cpp:17 (main)] kLen = 32 (int)
[==========] Running 3 tests from 1 test suite.
[----------] Global test environment set-up.
[----------] 3 tests from SpMMTest
[ RUN      ] SpMMTest.validation
[       OK ] SpMMTest.validation (167 ms)
[ RUN      ] SpMMTest.cusparse_performance
[..A3/test/test_spmm.cu:62 (TestBody)] time = 0.00658286 (double)
[       OK ] SpMMTest.cusparse_performance (420 ms)
[ RUN      ] SpMMTest.opt_performance
[..A3/test/test_spmm.cu:71 (TestBody)] time = 0.00383476 (double)
[       OK ] SpMMTest.opt_performance (134 ms)
[----------] 3 tests from SpMMTest (722 ms total)

[----------] Global test environment tear-down
[==========] 3 tests from 1 test suite ran. (722 ms total)
[  PASSED  ] 3 tests.
[..-lab/PA3/src/util.cu:74 (argParse)] dset = "yelp" (std::string)
[..-lab/PA3/src/data.cu:5 (load_graph)] loading
[..ab/PA3/test/main.cpp:17 (main)] kLen = 256 (int)
[==========] Running 3 tests from 1 test suite.
[----------] Global test environment set-up.
[----------] 3 tests from SpMMTest
[ RUN      ] SpMMTest.validation
[       OK ] SpMMTest.validation (1354 ms)
[ RUN      ] SpMMTest.cusparse_performance
[..A3/test/test_spmm.cu:62 (TestBody)] time = 0.0300067 (double)
[       OK ] SpMMTest.cusparse_performance (1160 ms)
[ RUN      ] SpMMTest.opt_performance
[..A3/test/test_spmm.cu:71 (TestBody)] time = 0.0309704 (double)
[       OK ] SpMMTest.opt_performance (989 ms)
[----------] 3 tests from SpMMTest (3504 ms total)

[----------] Global test environment tear-down
[==========] 3 tests from 1 test suite ran. (3504 ms total)
[  PASSED  ] 3 tests.
[..-lab/PA3/src/util.cu:74 (argParse)] dset = "wikikg2" (std::string)
[..-lab/PA3/src/data.cu:5 (load_graph)] loading
[..ab/PA3/test/main.cpp:17 (main)] kLen = 32 (int)
[==========] Running 3 tests from 1 test suite.
[----------] Global test environment set-up.
[----------] 3 tests from SpMMTest
[ RUN      ] SpMMTest.validation
[       OK ] SpMMTest.validation (80 ms)
[ RUN      ] SpMMTest.cusparse_performance
[..A3/test/test_spmm.cu:62 (TestBody)] time = 0.00716711 (double)
[       OK ] SpMMTest.cusparse_performance (470 ms)
[ RUN      ] SpMMTest.opt_performance
[..A3/test/test_spmm.cu:71 (TestBody)] time = 0.0033504 (double)
[       OK ] SpMMTest.opt_performance (140 ms)
[----------] 3 tests from SpMMTest (692 ms total)

[----------] Global test environment tear-down
[==========] 3 tests from 1 test suite ran. (692 ms total)
[  PASSED  ] 3 tests.
[..-lab/PA3/src/util.cu:74 (argParse)] dset = "wikikg2" (std::string)
[..-lab/PA3/src/data.cu:5 (load_graph)] loading
[..ab/PA3/test/main.cpp:17 (main)] kLen = 256 (int)
[==========] Running 3 tests from 1 test suite.
[----------] Global test environment set-up.
[----------] 3 tests from SpMMTest
[ RUN      ] SpMMTest.validation
[       OK ] SpMMTest.validation (574 ms)
[ RUN      ] SpMMTest.cusparse_performance
[..A3/test/test_spmm.cu:62 (TestBody)] time = 0.0167533 (double)
[       OK ] SpMMTest.cusparse_performance (845 ms)
[ RUN      ] SpMMTest.opt_performance
[..A3/test/test_spmm.cu:71 (TestBody)] time = 0.0159682 (double)
[       OK ] SpMMTest.opt_performance (689 ms)
[----------] 3 tests from SpMMTest (2109 ms total)

[----------] Global test environment tear-down
[==========] 3 tests from 1 test suite ran. (2109 ms total)
[  PASSED  ] 3 tests.
[..-lab/PA3/src/util.cu:74 (argParse)] dset = "am" (std::string)
[..-lab/PA3/src/data.cu:5 (load_graph)] loading
[..ab/PA3/test/main.cpp:17 (main)] kLen = 32 (int)
[==========] Running 3 tests from 1 test suite.
[----------] Global test environment set-up.
[----------] 3 tests from SpMMTest
[ RUN      ] SpMMTest.validation
[       OK ] SpMMTest.validation (621 ms)
[ RUN      ] SpMMTest.cusparse_performance
[..A3/test/test_spmm.cu:62 (TestBody)] time = 0.00374099 (double)
[       OK ] SpMMTest.cusparse_performance (340 ms)
[ RUN      ] SpMMTest.opt_performance
[..A3/test/test_spmm.cu:71 (TestBody)] time = 0.0171398 (double)
[       OK ] SpMMTest.opt_performance (531 ms)
[----------] 3 tests from SpMMTest (1493 ms total)

[----------] Global test environment tear-down
[==========] 3 tests from 1 test suite ran. (1493 ms total)
[  PASSED  ] 3 tests.
[..-lab/PA3/src/util.cu:74 (argParse)] dset = "am" (std::string)
[..-lab/PA3/src/data.cu:5 (load_graph)] loading
[..ab/PA3/test/main.cpp:17 (main)] kLen = 256 (int)
[==========] Running 3 tests from 1 test suite.
[----------] Global test environment set-up.
[----------] 3 tests from SpMMTest
[ RUN      ] SpMMTest.validation
[       OK ] SpMMTest.validation (4991 ms)
[ RUN      ] SpMMTest.cusparse_performance
[..A3/test/test_spmm.cu:62 (TestBody)] time = 0.0134055 (double)
[       OK ] SpMMTest.cusparse_performance (677 ms)
[ RUN      ] SpMMTest.opt_performance
[..A3/test/test_spmm.cu:71 (TestBody)] time = 0.0433704 (double)
[       OK ] SpMMTest.opt_performance (1365 ms)
[----------] 3 tests from SpMMTest (7035 ms total)

[----------] Global test environment tear-down
[==========] 3 tests from 1 test suite ran. (7035 ms total)
[  PASSED  ] 3 tests.
