[..-lab/PA3/src/util.cu:74 (argParse)] dset = "arxiv" (std::string)
[..-lab/PA3/src/data.cu:5 (load_graph)] loading
[..ab/PA3/test/main.cpp:17 (main)] kLen = 32 (int)
[==========] Running 3 tests from 1 test suite.
[----------] Global test environment set-up.
[----------] 3 tests from SpMMTest
[ RUN      ] SpMMTest.validation
[       OK ] SpMMTest.validation (55 ms)
[ RUN      ] SpMMTest.cusparse_performance
[..A3/test/test_spmm.cu:62 (TestBody)] time = 0.000769712 (double)
[       OK ] SpMMTest.cusparse_performance (232 ms)
[ RUN      ] SpMMTest.opt_performance
[..A3/test/test_spmm.cu:71 (TestBody)] time = 0.0011714 (double)
[       OK ] SpMMTest.opt_performance (39 ms)
[----------] 3 tests from SpMMTest (327 ms total)

[----------] Global test environment tear-down
[==========] 3 tests from 1 test suite ran. (327 ms total)
[  PASSED  ] 3 tests.
srun: job 760544 queued and waiting for resources
srun: job 760544 has been allocated resources
[..-lab/PA3/src/util.cu:74 (argParse)] dset = "arxiv" (std::string)
[..-lab/PA3/src/data.cu:5 (load_graph)] loading
[..ab/PA3/test/main.cpp:17 (main)] kLen = 256 (int)
[==========] Running 3 tests from 1 test suite.
[----------] Global test environment set-up.
[----------] 3 tests from SpMMTest
[ RUN      ] SpMMTest.validation
[       OK ] SpMMTest.validation (548 ms)
[ RUN      ] SpMMTest.cusparse_performance
[..A3/test/test_spmm.cu:62 (TestBody)] time = 0.00299446 (double)
[       OK ] SpMMTest.cusparse_performance (305 ms)
[ RUN      ] SpMMTest.opt_performance
[..A3/test/test_spmm.cu:71 (TestBody)] time = 0.00352222 (double)
[       OK ] SpMMTest.opt_performance (252 ms)
[----------] 3 tests from SpMMTest (1105 ms total)

[----------] Global test environment tear-down
[==========] 3 tests from 1 test suite ran. (1106 ms total)
[  PASSED  ] 3 tests.
srun: job 760545 queued and waiting for resources
srun: job 760545 has been allocated resources
[..-lab/PA3/src/util.cu:74 (argParse)] dset = "collab" (std::string)
[..-lab/PA3/src/data.cu:5 (load_graph)] loading
[..ab/PA3/test/main.cpp:17 (main)] kLen = 32 (int)
[==========] Running 3 tests from 1 test suite.
[----------] Global test environment set-up.
[----------] 3 tests from SpMMTest
[ RUN      ] SpMMTest.validation
[       OK ] SpMMTest.validation (284 ms)
[ RUN      ] SpMMTest.cusparse_performance
[..A3/test/test_spmm.cu:62 (TestBody)] time = 0.00127035 (double)
[       OK ] SpMMTest.cusparse_performance (229 ms)
[ RUN      ] SpMMTest.opt_performance
[..A3/test/test_spmm.cu:71 (TestBody)] time = 0.000549125 (double)
[       OK ] SpMMTest.opt_performance (271 ms)
[----------] 3 tests from SpMMTest (784 ms total)

[----------] Global test environment tear-down
[==========] 3 tests from 1 test suite ran. (784 ms total)
[  PASSED  ] 3 tests.
srun: job 760546 queued and waiting for resources
srun: job 760546 has been allocated resources
[..-lab/PA3/src/util.cu:74 (argParse)] dset = "collab" (std::string)
[..-lab/PA3/src/data.cu:5 (load_graph)] loading
[..ab/PA3/test/main.cpp:17 (main)] kLen = 256 (int)
[==========] Running 3 tests from 1 test suite.
[----------] Global test environment set-up.
[----------] 3 tests from SpMMTest
[ RUN      ] SpMMTest.validation
[       OK ] SpMMTest.validation (477 ms)
[ RUN      ] SpMMTest.cusparse_performance
[..A3/test/test_spmm.cu:62 (TestBody)] time = 0.0052027 (double)
[       OK ] SpMMTest.cusparse_performance (372 ms)
[ RUN      ] SpMMTest.opt_performance
[..A3/test/test_spmm.cu:71 (TestBody)] time = 0.00312747 (double)
[       OK ] SpMMTest.opt_performance (366 ms)
[----------] 3 tests from SpMMTest (1216 ms total)

[----------] Global test environment tear-down
[==========] 3 tests from 1 test suite ran. (1216 ms total)
[  PASSED  ] 3 tests.
srun: job 760547 queued and waiting for resources
srun: job 760547 has been allocated resources
[..-lab/PA3/src/util.cu:74 (argParse)] dset = "citation" (std::string)
[..-lab/PA3/src/data.cu:5 (load_graph)] loading
[..ab/PA3/test/main.cpp:17 (main)] kLen = 32 (int)
[==========] Running 3 tests from 1 test suite.
[----------] Global test environment set-up.
[----------] 3 tests from SpMMTest
[ RUN      ] SpMMTest.validation
[       OK ] SpMMTest.validation (5510 ms)
[ RUN      ] SpMMTest.cusparse_performance
[..A3/test/test_spmm.cu:62 (TestBody)] time = 0.016446 (double)
[       OK ] SpMMTest.cusparse_performance (903 ms)
[ RUN      ] SpMMTest.opt_performance
[..A3/test/test_spmm.cu:71 (TestBody)] time = 0.00754464 (double)
[       OK ] SpMMTest.opt_performance (5542 ms)
[----------] 3 tests from SpMMTest (11956 ms total)

[----------] Global test environment tear-down
[==========] 3 tests from 1 test suite ran. (11956 ms total)
[  PASSED  ] 3 tests.
srun: job 760548 queued and waiting for resources
srun: job 760548 has been allocated resources
[..-lab/PA3/src/util.cu:74 (argParse)] dset = "citation" (std::string)
[..-lab/PA3/src/data.cu:5 (load_graph)] loading
[..ab/PA3/test/main.cpp:17 (main)] kLen = 256 (int)
[==========] Running 3 tests from 1 test suite.
[----------] Global test environment set-up.
[----------] 3 tests from SpMMTest
[ RUN      ] SpMMTest.validation
[       OK ] SpMMTest.validation (8068 ms)
[ RUN      ] SpMMTest.cusparse_performance
[..A3/test/test_spmm.cu:62 (TestBody)] time = 0.0790562 (double)
[       OK ] SpMMTest.cusparse_performance (3025 ms)
[ RUN      ] SpMMTest.opt_performance
[..A3/test/test_spmm.cu:71 (TestBody)] time = 0.0506211 (double)
[       OK ] SpMMTest.opt_performance (7083 ms)
[----------] 3 tests from SpMMTest (18177 ms total)

[----------] Global test environment tear-down
[==========] 3 tests from 1 test suite ran. (18177 ms total)
[  PASSED  ] 3 tests.
srun: job 760549 queued and waiting for resources
srun: job 760549 has been allocated resources
[..-lab/PA3/src/util.cu:74 (argParse)] dset = "ddi" (std::string)
[..-lab/PA3/src/data.cu:5 (load_graph)] loading
[..ab/PA3/test/main.cpp:17 (main)] kLen = 32 (int)
[==========] Running 3 tests from 1 test suite.
[----------] Global test environment set-up.
[----------] 3 tests from SpMMTest
[ RUN      ] SpMMTest.validation
[       OK ] SpMMTest.validation (87 ms)
[ RUN      ] SpMMTest.cusparse_performance
[..A3/test/test_spmm.cu:62 (TestBody)] time = 0.000641368 (double)
[       OK ] SpMMTest.cusparse_performance (221 ms)
[ RUN      ] SpMMTest.opt_performance
[..A3/test/test_spmm.cu:71 (TestBody)] time = 0.000247657 (double)
[       OK ] SpMMTest.opt_performance (76 ms)
[----------] 3 tests from SpMMTest (386 ms total)

[----------] Global test environment tear-down
[==========] 3 tests from 1 test suite ran. (386 ms total)
[  PASSED  ] 3 tests.
srun: job 760550 queued and waiting for resources
srun: job 760550 has been allocated resources
[..-lab/PA3/src/util.cu:74 (argParse)] dset = "ddi" (std::string)
[..-lab/PA3/src/data.cu:5 (load_graph)] loading
[..ab/PA3/test/main.cpp:17 (main)] kLen = 256 (int)
[==========] Running 3 tests from 1 test suite.
[----------] Global test environment set-up.
[----------] 3 tests from SpMMTest
[ RUN      ] SpMMTest.validation
[       OK ] SpMMTest.validation (188 ms)
[ RUN      ] SpMMTest.cusparse_performance
[..A3/test/test_spmm.cu:62 (TestBody)] time = 0.00155282 (double)
[       OK ] SpMMTest.cusparse_performance (240 ms)
[ RUN      ] SpMMTest.opt_performance
[..A3/test/test_spmm.cu:71 (TestBody)] time = 0.00148977 (double)
[       OK ] SpMMTest.opt_performance (131 ms)
[----------] 3 tests from SpMMTest (560 ms total)

[----------] Global test environment tear-down
[==========] 3 tests from 1 test suite ran. (560 ms total)
[  PASSED  ] 3 tests.
srun: job 760551 queued and waiting for resources
srun: job 760551 has been allocated resources
[..-lab/PA3/src/util.cu:74 (argParse)] dset = "protein" (std::string)
[..-lab/PA3/src/data.cu:5 (load_graph)] loading
[..ab/PA3/test/main.cpp:17 (main)] kLen = 32 (int)
[==========] Running 3 tests from 1 test suite.
[----------] Global test environment set-up.
[----------] 3 tests from SpMMTest
[ RUN      ] SpMMTest.validation
[       OK ] SpMMTest.validation (808 ms)
[ RUN      ] SpMMTest.cusparse_performance
[..A3/test/test_spmm.cu:62 (TestBody)] time = 0.0246444 (double)
[       OK ] SpMMTest.cusparse_performance (984 ms)
[ RUN      ] SpMMTest.opt_performance
[..A3/test/test_spmm.cu:71 (TestBody)] time = 0.00807857 (double)
[       OK ] SpMMTest.opt_performance (282 ms)
[----------] 3 tests from SpMMTest (2076 ms total)

[----------] Global test environment tear-down
[==========] 3 tests from 1 test suite ran. (2076 ms total)
[  PASSED  ] 3 tests.
srun: job 760552 queued and waiting for resources
srun: job 760552 has been allocated resources
[..-lab/PA3/src/util.cu:74 (argParse)] dset = "protein" (std::string)
[..-lab/PA3/src/data.cu:5 (load_graph)] loading
[..ab/PA3/test/main.cpp:17 (main)] kLen = 256 (int)
[==========] Running 3 tests from 1 test suite.
[----------] Global test environment set-up.
[----------] 3 tests from SpMMTest
[ RUN      ] SpMMTest.validation
[       OK ] SpMMTest.validation (7379 ms)
[ RUN      ] SpMMTest.cusparse_performance
[..A3/test/test_spmm.cu:62 (TestBody)] time = 0.0808347 (double)
[       OK ] SpMMTest.cusparse_performance (2678 ms)
[ RUN      ] SpMMTest.opt_performance
[..A3/test/test_spmm.cu:71 (TestBody)] time = 0.0950736 (double)
[       OK ] SpMMTest.opt_performance (2904 ms)
[----------] 3 tests from SpMMTest (12962 ms total)

[----------] Global test environment tear-down
[==========] 3 tests from 1 test suite ran. (12962 ms total)
[  PASSED  ] 3 tests.
srun: job 760553 queued and waiting for resources
srun: job 760553 has been allocated resources
[..-lab/PA3/src/util.cu:74 (argParse)] dset = "ppa" (std::string)
[..-lab/PA3/src/data.cu:5 (load_graph)] loading
[..ab/PA3/test/main.cpp:17 (main)] kLen = 32 (int)
[==========] Running 3 tests from 1 test suite.
[----------] Global test environment set-up.
[----------] 3 tests from SpMMTest
[ RUN      ] SpMMTest.validation
[       OK ] SpMMTest.validation (4829 ms)
[ RUN      ] SpMMTest.cusparse_performance
[..A3/test/test_spmm.cu:62 (TestBody)] time = 0.0183837 (double)
[       OK ] SpMMTest.cusparse_performance (774 ms)
[ RUN      ] SpMMTest.opt_performance
[..A3/test/test_spmm.cu:71 (TestBody)] time = 0.00634148 (double)
[       OK ] SpMMTest.opt_performance (4402 ms)
[----------] 3 tests from SpMMTest (10006 ms total)

[----------] Global test environment tear-down
[==========] 3 tests from 1 test suite ran. (10006 ms total)
[  PASSED  ] 3 tests.
srun: job 760554 queued and waiting for resources
srun: job 760554 has been allocated resources
[..-lab/PA3/src/util.cu:74 (argParse)] dset = "ppa" (std::string)
[..-lab/PA3/src/data.cu:5 (load_graph)] loading
[..ab/PA3/test/main.cpp:17 (main)] kLen = 256 (int)
[==========] Running 3 tests from 1 test suite.
[----------] Global test environment set-up.
[----------] 3 tests from SpMMTest
[ RUN      ] SpMMTest.validation
[       OK ] SpMMTest.validation (8109 ms)
[ RUN      ] SpMMTest.cusparse_performance
[..A3/test/test_spmm.cu:62 (TestBody)] time = 0.0848871 (double)
[       OK ] SpMMTest.cusparse_performance (2842 ms)
[ RUN      ] SpMMTest.opt_performance
[..A3/test/test_spmm.cu:71 (TestBody)] time = 0.0600794 (double)
[       OK ] SpMMTest.opt_performance (6043 ms)
[----------] 3 tests from SpMMTest (16995 ms total)

[----------] Global test environment tear-down
[==========] 3 tests from 1 test suite ran. (16995 ms total)
[  PASSED  ] 3 tests.
srun: job 760555 queued and waiting for resources
srun: job 760555 has been allocated resources
[..-lab/PA3/src/util.cu:74 (argParse)] dset = "reddit.dgl" (std::string)
[..-lab/PA3/src/data.cu:5 (load_graph)] loading
[..ab/PA3/test/main.cpp:17 (main)] kLen = 32 (int)
[==========] Running 3 tests from 1 test suite.
[----------] Global test environment set-up.
[----------] 3 tests from SpMMTest
[ RUN      ] SpMMTest.validation
[       OK ] SpMMTest.validation (9219 ms)
[ RUN      ] SpMMTest.cusparse_performance
[..A3/test/test_spmm.cu:62 (TestBody)] time = 0.0485771 (double)
[       OK ] SpMMTest.cusparse_performance (1692 ms)
[ RUN      ] SpMMTest.opt_performance
[..A3/test/test_spmm.cu:71 (TestBody)] time = 0.0140949 (double)
[       OK ] SpMMTest.opt_performance (7271 ms)
[----------] 3 tests from SpMMTest (18183 ms total)

[----------] Global test environment tear-down
[==========] 3 tests from 1 test suite ran. (18183 ms total)
[  PASSED  ] 3 tests.
srun: job 760556 queued and waiting for resources
srun: job 760556 has been allocated resources
[..-lab/PA3/src/util.cu:74 (argParse)] dset = "reddit.dgl" (std::string)
[..-lab/PA3/src/data.cu:5 (load_graph)] loading
[..ab/PA3/test/main.cpp:17 (main)] kLen = 256 (int)
[==========] Running 3 tests from 1 test suite.
[----------] Global test environment set-up.
[----------] 3 tests from SpMMTest
[ RUN      ] SpMMTest.validation
[       OK ] SpMMTest.validation (17342 ms)
[ RUN      ] SpMMTest.cusparse_performance
[..A3/test/test_spmm.cu:62 (TestBody)] time = 0.202309 (double)
[       OK ] SpMMTest.cusparse_performance (6317 ms)
[ RUN      ] SpMMTest.opt_performance
[..A3/test/test_spmm.cu:71 (TestBody)] time = 0.152202 (double)
[       OK ] SpMMTest.opt_performance (11283 ms)
[----------] 3 tests from SpMMTest (34943 ms total)

[----------] Global test environment tear-down
[==========] 3 tests from 1 test suite ran. (34943 ms total)
[  PASSED  ] 3 tests.
srun: job 760557 queued and waiting for resources
srun: job 760557 has been allocated resources
[..-lab/PA3/src/util.cu:74 (argParse)] dset = "products" (std::string)
[..-lab/PA3/src/data.cu:5 (load_graph)] loading
[..ab/PA3/test/main.cpp:17 (main)] kLen = 32 (int)
[==========] Running 3 tests from 1 test suite.
[----------] Global test environment set-up.
[----------] 3 tests from SpMMTest
[ RUN      ] SpMMTest.validation
[       OK ] SpMMTest.validation (18256 ms)
[ RUN      ] SpMMTest.cusparse_performance
[..A3/test/test_spmm.cu:62 (TestBody)] time = 0.0558142 (double)
[       OK ] SpMMTest.cusparse_performance (1901 ms)
[ RUN      ] SpMMTest.opt_performance
[..A3/test/test_spmm.cu:71 (TestBody)] time = 0.0191079 (double)
[       OK ] SpMMTest.opt_performance (17245 ms)
[----------] 3 tests from SpMMTest (37402 ms total)

[----------] Global test environment tear-down
[==========] 3 tests from 1 test suite ran. (37402 ms total)
[  PASSED  ] 3 tests.
srun: job 760558 queued and waiting for resources
srun: job 760558 has been allocated resources
[..-lab/PA3/src/util.cu:74 (argParse)] dset = "products" (std::string)
[..-lab/PA3/src/data.cu:5 (load_graph)] loading
[..ab/PA3/test/main.cpp:17 (main)] kLen = 256 (int)
[==========] Running 3 tests from 1 test suite.
[----------] Global test environment set-up.
[----------] 3 tests from SpMMTest
[ RUN      ] SpMMTest.validation
[       OK ] SpMMTest.validation (28080 ms)
[ RUN      ] SpMMTest.cusparse_performance
[..A3/test/test_spmm.cu:62 (TestBody)] time = 0.258412 (double)
[       OK ] SpMMTest.cusparse_performance (8196 ms)
[ RUN      ] SpMMTest.opt_performance
[..A3/test/test_spmm.cu:71 (TestBody)] time = 0.168139 (double)
[       OK ] SpMMTest.opt_performance (22293 ms)
[----------] 3 tests from SpMMTest (58570 ms total)

[----------] Global test environment tear-down
[==========] 3 tests from 1 test suite ran. (58570 ms total)
[  PASSED  ] 3 tests.
srun: job 760559 queued and waiting for resources
srun: job 760559 has been allocated resources
[..-lab/PA3/src/util.cu:74 (argParse)] dset = "youtube" (std::string)
[..-lab/PA3/src/data.cu:5 (load_graph)] loading
[..ab/PA3/test/main.cpp:17 (main)] kLen = 32 (int)
[==========] Running 3 tests from 1 test suite.
[----------] Global test environment set-up.
[----------] 3 tests from SpMMTest
[ RUN      ] SpMMTest.validation
[       OK ] SpMMTest.validation (160 ms)
[ RUN      ] SpMMTest.cusparse_performance
[..A3/test/test_spmm.cu:62 (TestBody)] time = 0.00364357 (double)
[       OK ] SpMMTest.cusparse_performance (339 ms)
[ RUN      ] SpMMTest.opt_performance
[..A3/test/test_spmm.cu:71 (TestBody)] time = 0.00313789 (double)
[       OK ] SpMMTest.opt_performance (115 ms)
[----------] 3 tests from SpMMTest (615 ms total)

[----------] Global test environment tear-down
[==========] 3 tests from 1 test suite ran. (615 ms total)
[  PASSED  ] 3 tests.
srun: job 760560 queued and waiting for resources
srun: job 760560 has been allocated resources
[..-lab/PA3/src/util.cu:74 (argParse)] dset = "youtube" (std::string)
[..-lab/PA3/src/data.cu:5 (load_graph)] loading
[..ab/PA3/test/main.cpp:17 (main)] kLen = 256 (int)
[==========] Running 3 tests from 1 test suite.
[----------] Global test environment set-up.
[----------] 3 tests from SpMMTest
[ RUN      ] SpMMTest.validation
[       OK ] SpMMTest.validation (1243 ms)
[ RUN      ] SpMMTest.cusparse_performance
[..A3/test/test_spmm.cu:62 (TestBody)] time = 0.0144306 (double)
[       OK ] SpMMTest.cusparse_performance (715 ms)
[ RUN      ] SpMMTest.opt_performance
[..A3/test/test_spmm.cu:71 (TestBody)] time = 0.0131665 (double)
[       OK ] SpMMTest.opt_performance (462 ms)
[----------] 3 tests from SpMMTest (2421 ms total)

[----------] Global test environment tear-down
[==========] 3 tests from 1 test suite ran. (2421 ms total)
[  PASSED  ] 3 tests.
srun: job 760561 queued and waiting for resources
srun: job 760561 has been allocated resources
[..-lab/PA3/src/util.cu:74 (argParse)] dset = "amazon_cogdl" (std::string)
[..-lab/PA3/src/data.cu:5 (load_graph)] loading
[..ab/PA3/test/main.cpp:17 (main)] kLen = 32 (int)
[==========] Running 3 tests from 1 test suite.
[----------] Global test environment set-up.
[----------] 3 tests from SpMMTest
[ RUN      ] SpMMTest.validation
[       OK ] SpMMTest.validation (20452 ms)
[ RUN      ] SpMMTest.cusparse_performance
[..A3/test/test_spmm.cu:62 (TestBody)] time = 0.125315 (double)
[       OK ] SpMMTest.cusparse_performance (4032 ms)
[ RUN      ] SpMMTest.opt_performance
[..A3/test/test_spmm.cu:71 (TestBody)] time = 0.0390336 (double)
[       OK ] SpMMTest.opt_performance (27222 ms)
[----------] 3 tests from SpMMTest (51707 ms total)

[----------] Global test environment tear-down
[==========] 3 tests from 1 test suite ran. (51707 ms total)
[  PASSED  ] 3 tests.
srun: job 760562 queued and waiting for resources
srun: job 760562 has been allocated resources
[..-lab/PA3/src/util.cu:74 (argParse)] dset = "amazon_cogdl" (std::string)
[..-lab/PA3/src/data.cu:5 (load_graph)] loading
[..ab/PA3/test/main.cpp:17 (main)] kLen = 256 (int)
[==========] Running 3 tests from 1 test suite.
[----------] Global test environment set-up.
[----------] 3 tests from SpMMTest
[ RUN      ] SpMMTest.validation
[       OK ] SpMMTest.validation (40217 ms)
[ RUN      ] SpMMTest.cusparse_performance
[..A3/test/test_spmm.cu:62 (TestBody)] time = 0.517808 (double)
[       OK ] SpMMTest.cusparse_performance (15875 ms)
[ RUN      ] SpMMTest.opt_performance
[..A3/test/test_spmm.cu:71 (TestBody)] time = 0.412657 (double)
[       OK ] SpMMTest.opt_performance (38337 ms)
[----------] 3 tests from SpMMTest (94431 ms total)

[----------] Global test environment tear-down
[==========] 3 tests from 1 test suite ran. (94431 ms total)
[  PASSED  ] 3 tests.
srun: job 760563 queued and waiting for resources
srun: job 760563 has been allocated resources
[..-lab/PA3/src/util.cu:74 (argParse)] dset = "yelp" (std::string)
[..-lab/PA3/src/data.cu:5 (load_graph)] loading
[..ab/PA3/test/main.cpp:17 (main)] kLen = 32 (int)
[==========] Running 3 tests from 1 test suite.
[----------] Global test environment set-up.
[----------] 3 tests from SpMMTest
[ RUN      ] SpMMTest.validation
[       OK ] SpMMTest.validation (1747 ms)
[ RUN      ] SpMMTest.cusparse_performance
[..A3/test/test_spmm.cu:62 (TestBody)] time = 0.00657814 (double)
[       OK ] SpMMTest.cusparse_performance (401 ms)
[ RUN      ] SpMMTest.opt_performance
[..A3/test/test_spmm.cu:71 (TestBody)] time = 0.00302077 (double)
[       OK ] SpMMTest.opt_performance (1646 ms)
[----------] 3 tests from SpMMTest (3795 ms total)

[----------] Global test environment tear-down
[==========] 3 tests from 1 test suite ran. (3795 ms total)
[  PASSED  ] 3 tests.
srun: job 760564 queued and waiting for resources
srun: job 760564 has been allocated resources
[..-lab/PA3/src/util.cu:74 (argParse)] dset = "yelp" (std::string)
[..-lab/PA3/src/data.cu:5 (load_graph)] loading
[..ab/PA3/test/main.cpp:17 (main)] kLen = 256 (int)
[==========] Running 3 tests from 1 test suite.
[----------] Global test environment set-up.
[----------] 3 tests from SpMMTest
[ RUN      ] SpMMTest.validation
[       OK ] SpMMTest.validation (2899 ms)
[ RUN      ] SpMMTest.cusparse_performance
[..A3/test/test_spmm.cu:62 (TestBody)] time = 0.0300042 (double)
[       OK ] SpMMTest.cusparse_performance (1148 ms)
[ RUN      ] SpMMTest.opt_performance
[..A3/test/test_spmm.cu:71 (TestBody)] time = 0.025009 (double)
[       OK ] SpMMTest.opt_performance (2374 ms)
[----------] 3 tests from SpMMTest (6422 ms total)

[----------] Global test environment tear-down
[==========] 3 tests from 1 test suite ran. (6422 ms total)
[  PASSED  ] 3 tests.
srun: job 760565 queued and waiting for resources
srun: job 760565 has been allocated resources
[..-lab/PA3/src/util.cu:74 (argParse)] dset = "wikikg2" (std::string)
[..-lab/PA3/src/data.cu:5 (load_graph)] loading
[..ab/PA3/test/main.cpp:17 (main)] kLen = 32 (int)
[==========] Running 3 tests from 1 test suite.
[----------] Global test environment set-up.
[----------] 3 tests from SpMMTest
[ RUN      ] SpMMTest.validation
[       OK ] SpMMTest.validation (78 ms)
[ RUN      ] SpMMTest.cusparse_performance
[..A3/test/test_spmm.cu:62 (TestBody)] time = 0.00713778 (double)
[       OK ] SpMMTest.cusparse_performance (457 ms)
[ RUN      ] SpMMTest.opt_performance
[..A3/test/test_spmm.cu:71 (TestBody)] time = 0.00447534 (double)
[       OK ] SpMMTest.opt_performance (174 ms)
[----------] 3 tests from SpMMTest (711 ms total)

[----------] Global test environment tear-down
[==========] 3 tests from 1 test suite ran. (711 ms total)
[  PASSED  ] 3 tests.
srun: job 760566 queued and waiting for resources
srun: job 760566 has been allocated resources
[..-lab/PA3/src/util.cu:74 (argParse)] dset = "wikikg2" (std::string)
[..-lab/PA3/src/data.cu:5 (load_graph)] loading
[..ab/PA3/test/main.cpp:17 (main)] kLen = 256 (int)
[==========] Running 3 tests from 1 test suite.
[----------] Global test environment set-up.
[----------] 3 tests from SpMMTest
[ RUN      ] SpMMTest.validation
[       OK ] SpMMTest.validation (572 ms)
[ RUN      ] SpMMTest.cusparse_performance
[..A3/test/test_spmm.cu:62 (TestBody)] time = 0.0167544 (double)
[       OK ] SpMMTest.cusparse_performance (867 ms)
[ RUN      ] SpMMTest.opt_performance
[..A3/test/test_spmm.cu:71 (TestBody)] time = 0.0138193 (double)
[       OK ] SpMMTest.opt_performance (629 ms)
[----------] 3 tests from SpMMTest (2068 ms total)

[----------] Global test environment tear-down
[==========] 3 tests from 1 test suite ran. (2068 ms total)
[  PASSED  ] 3 tests.
srun: job 760567 queued and waiting for resources
srun: job 760567 has been allocated resources
[..-lab/PA3/src/util.cu:74 (argParse)] dset = "am" (std::string)
[..-lab/PA3/src/data.cu:5 (load_graph)] loading
[..ab/PA3/test/main.cpp:17 (main)] kLen = 32 (int)
[==========] Running 3 tests from 1 test suite.
[----------] Global test environment set-up.
[----------] 3 tests from SpMMTest
[ RUN      ] SpMMTest.validation
[       OK ] SpMMTest.validation (1345 ms)
[ RUN      ] SpMMTest.cusparse_performance
[..A3/test/test_spmm.cu:62 (TestBody)] time = 0.00374006 (double)
[       OK ] SpMMTest.cusparse_performance (296 ms)
[ RUN      ] SpMMTest.opt_performance
[..A3/test/test_spmm.cu:71 (TestBody)] time = 0.0132287 (double)
[       OK ] SpMMTest.opt_performance (1111 ms)
[----------] 3 tests from SpMMTest (2753 ms total)

[----------] Global test environment tear-down
[==========] 3 tests from 1 test suite ran. (2753 ms total)
[  PASSED  ] 3 tests.
srun: job 760568 queued and waiting for resources
srun: job 760568 has been allocated resources
[..-lab/PA3/src/util.cu:74 (argParse)] dset = "am" (std::string)
[..-lab/PA3/src/data.cu:5 (load_graph)] loading
[..ab/PA3/test/main.cpp:17 (main)] kLen = 256 (int)
[==========] Running 3 tests from 1 test suite.
[----------] Global test environment set-up.
[----------] 3 tests from SpMMTest
[ RUN      ] SpMMTest.validation
[       OK ] SpMMTest.validation (5661 ms)
[ RUN      ] SpMMTest.cusparse_performance
[..A3/test/test_spmm.cu:62 (TestBody)] time = 0.0134017 (double)
[       OK ] SpMMTest.cusparse_performance (653 ms)
[ RUN      ] SpMMTest.opt_performance
[..A3/test/test_spmm.cu:71 (TestBody)] time = 0.0264713 (double)
[       OK ] SpMMTest.opt_performance (1548 ms)
[----------] 3 tests from SpMMTest (7864 ms total)

[----------] Global test environment tear-down
[==========] 3 tests from 1 test suite ran. (7864 ms total)
[  PASSED  ] 3 tests.
