[..-lab/PA3/src/util.cu:74 (argParse)] dset = "arxiv" (std::string)
[..-lab/PA3/src/data.cu:5 (load_graph)] loading
[..ab/PA3/test/main.cpp:17 (main)] kLen = 32 (int)
[==========] Running 3 tests from 1 test suite.
[----------] Global test environment set-up.
[----------] 3 tests from SpMMTest
[ RUN      ] SpMMTest.validation
[       OK ] SpMMTest.validation (56 ms)
[ RUN      ] SpMMTest.cusparse_performance
[..A3/test/test_spmm.cu:62 (TestBody)] time = 0.000770937 (double)
[       OK ] SpMMTest.cusparse_performance (235 ms)
[ RUN      ] SpMMTest.opt_performance
[..A3/test/test_spmm.cu:71 (TestBody)] time = 0.00152373 (double)
[       OK ] SpMMTest.opt_performance (50 ms)
[----------] 3 tests from SpMMTest (342 ms total)

[----------] Global test environment tear-down
[==========] 3 tests from 1 test suite ran. (342 ms total)
[  PASSED  ] 3 tests.
[..-lab/PA3/src/util.cu:74 (argParse)] dset = "arxiv" (std::string)
[..-lab/PA3/src/data.cu:5 (load_graph)] loading
[..ab/PA3/test/main.cpp:17 (main)] kLen = 256 (int)
[==========] Running 3 tests from 1 test suite.
[----------] Global test environment set-up.
[----------] 3 tests from SpMMTest
[ RUN      ] SpMMTest.validation
[       OK ] SpMMTest.validation (413 ms)
[ RUN      ] SpMMTest.cusparse_performance
[..A3/test/test_spmm.cu:62 (TestBody)] time = 0.00299661 (double)
[       OK ] SpMMTest.cusparse_performance (311 ms)
[ RUN      ] SpMMTest.opt_performance
[..A3/test/test_spmm.cu:71 (TestBody)] time = 0.00520157 (double)
[       OK ] SpMMTest.opt_performance (178 ms)
[----------] 3 tests from SpMMTest (903 ms total)

[----------] Global test environment tear-down
[==========] 3 tests from 1 test suite ran. (903 ms total)
[  PASSED  ] 3 tests.
[..-lab/PA3/src/util.cu:74 (argParse)] dset = "collab" (std::string)
[..-lab/PA3/src/data.cu:5 (load_graph)] loading
[..ab/PA3/test/main.cpp:17 (main)] kLen = 32 (int)
[==========] Running 3 tests from 1 test suite.
[----------] Global test environment set-up.
[----------] 3 tests from SpMMTest
[ RUN      ] SpMMTest.validation
[       OK ] SpMMTest.validation (31 ms)
[ RUN      ] SpMMTest.cusparse_performance
[..A3/test/test_spmm.cu:62 (TestBody)] time = 0.0013329 (double)
[       OK ] SpMMTest.cusparse_performance (248 ms)
[ RUN      ] SpMMTest.opt_performance
[..A3/test/test_spmm.cu:71 (TestBody)] time = 0.000660975 (double)
[       OK ] SpMMTest.opt_performance (25 ms)
[----------] 3 tests from SpMMTest (306 ms total)

[----------] Global test environment tear-down
[==========] 3 tests from 1 test suite ran. (306 ms total)
[  PASSED  ] 3 tests.
[..-lab/PA3/src/util.cu:74 (argParse)] dset = "collab" (std::string)
[..-lab/PA3/src/data.cu:5 (load_graph)] loading
[..ab/PA3/test/main.cpp:17 (main)] kLen = 256 (int)
[==========] Running 3 tests from 1 test suite.
[----------] Global test environment set-up.
[----------] 3 tests from SpMMTest
[ RUN      ] SpMMTest.validation
[       OK ] SpMMTest.validation (226 ms)
[ RUN      ] SpMMTest.cusparse_performance
[..A3/test/test_spmm.cu:62 (TestBody)] time = 0.00520329 (double)
[       OK ] SpMMTest.cusparse_performance (388 ms)
[ RUN      ] SpMMTest.opt_performance
[..A3/test/test_spmm.cu:71 (TestBody)] time = 0.00468092 (double)
[       OK ] SpMMTest.opt_performance (171 ms)
[----------] 3 tests from SpMMTest (786 ms total)

[----------] Global test environment tear-down
[==========] 3 tests from 1 test suite ran. (786 ms total)
[  PASSED  ] 3 tests.
[..-lab/PA3/src/util.cu:74 (argParse)] dset = "citation" (std::string)
[..-lab/PA3/src/data.cu:5 (load_graph)] loading
[..ab/PA3/test/main.cpp:17 (main)] kLen = 32 (int)
[==========] Running 3 tests from 1 test suite.
[----------] Global test environment set-up.
[----------] 3 tests from SpMMTest
[ RUN      ] SpMMTest.validation
[       OK ] SpMMTest.validation (377 ms)
[ RUN      ] SpMMTest.cusparse_performance
[..A3/test/test_spmm.cu:62 (TestBody)] time = 0.0164459 (double)
[       OK ] SpMMTest.cusparse_performance (745 ms)
[ RUN      ] SpMMTest.opt_performance
[..A3/test/test_spmm.cu:71 (TestBody)] time = 0.00914985 (double)
[       OK ] SpMMTest.opt_performance (327 ms)
[----------] 3 tests from SpMMTest (1450 ms total)

[----------] Global test environment tear-down
[==========] 3 tests from 1 test suite ran. (1450 ms total)
[  PASSED  ] 3 tests.
[..-lab/PA3/src/util.cu:74 (argParse)] dset = "citation" (std::string)
[..-lab/PA3/src/data.cu:5 (load_graph)] loading
[..ab/PA3/test/main.cpp:17 (main)] kLen = 256 (int)
[==========] Running 3 tests from 1 test suite.
[----------] Global test environment set-up.
[----------] 3 tests from SpMMTest
[ RUN      ] SpMMTest.validation
[       OK ] SpMMTest.validation (2969 ms)
[ RUN      ] SpMMTest.cusparse_performance
[..A3/test/test_spmm.cu:62 (TestBody)] time = 0.079036 (double)
[       OK ] SpMMTest.cusparse_performance (2839 ms)
[ RUN      ] SpMMTest.opt_performance
[..A3/test/test_spmm.cu:71 (TestBody)] time = 0.0701425 (double)
[       OK ] SpMMTest.opt_performance (2374 ms)
[----------] 3 tests from SpMMTest (8183 ms total)

[----------] Global test environment tear-down
[==========] 3 tests from 1 test suite ran. (8183 ms total)
[  PASSED  ] 3 tests.
[..-lab/PA3/src/util.cu:74 (argParse)] dset = "ddi" (std::string)
[..-lab/PA3/src/data.cu:5 (load_graph)] loading
[..ab/PA3/test/main.cpp:17 (main)] kLen = 32 (int)
[==========] Running 3 tests from 1 test suite.
[----------] Global test environment set-up.
[----------] 3 tests from SpMMTest
[ RUN      ] SpMMTest.validation
[       OK ] SpMMTest.validation (17 ms)
[ RUN      ] SpMMTest.cusparse_performance
[..A3/test/test_spmm.cu:62 (TestBody)] time = 0.000640526 (double)
[       OK ] SpMMTest.cusparse_performance (230 ms)
[ RUN      ] SpMMTest.opt_performance
[..A3/test/test_spmm.cu:71 (TestBody)] time = 0.000291903 (double)
[       OK ] SpMMTest.opt_performance (10 ms)
[----------] 3 tests from SpMMTest (258 ms total)

[----------] Global test environment tear-down
[==========] 3 tests from 1 test suite ran. (258 ms total)
[  PASSED  ] 3 tests.
[..-lab/PA3/src/util.cu:74 (argParse)] dset = "ddi" (std::string)
[..-lab/PA3/src/data.cu:5 (load_graph)] loading
[..ab/PA3/test/main.cpp:17 (main)] kLen = 256 (int)
[==========] Running 3 tests from 1 test suite.
[----------] Global test environment set-up.
[----------] 3 tests from SpMMTest
[ RUN      ] SpMMTest.validation
[       OK ] SpMMTest.validation (105 ms)
[ RUN      ] SpMMTest.cusparse_performance
[..A3/test/test_spmm.cu:62 (TestBody)] time = 0.00155448 (double)
[       OK ] SpMMTest.cusparse_performance (258 ms)
[ RUN      ] SpMMTest.opt_performance
[..A3/test/test_spmm.cu:71 (TestBody)] time = 0.00156439 (double)
[       OK ] SpMMTest.opt_performance (49 ms)
[----------] 3 tests from SpMMTest (413 ms total)

[----------] Global test environment tear-down
[==========] 3 tests from 1 test suite ran. (413 ms total)
[  PASSED  ] 3 tests.
[..-lab/PA3/src/util.cu:74 (argParse)] dset = "protein" (std::string)
[..-lab/PA3/src/data.cu:5 (load_graph)] loading
[..ab/PA3/test/main.cpp:17 (main)] kLen = 32 (int)
[==========] Running 3 tests from 1 test suite.
[----------] Global test environment set-up.
[----------] 3 tests from SpMMTest
[ RUN      ] SpMMTest.validation
[       OK ] SpMMTest.validation (826 ms)
[ RUN      ] SpMMTest.cusparse_performance
[..A3/test/test_spmm.cu:62 (TestBody)] time = 0.0246521 (double)
[       OK ] SpMMTest.cusparse_performance (980 ms)
[ RUN      ] SpMMTest.opt_performance
[..A3/test/test_spmm.cu:71 (TestBody)] time = 0.00820134 (double)
[       OK ] SpMMTest.opt_performance (284 ms)
[----------] 3 tests from SpMMTest (2092 ms total)

[----------] Global test environment tear-down
[==========] 3 tests from 1 test suite ran. (2092 ms total)
[  PASSED  ] 3 tests.
[..-lab/PA3/src/util.cu:74 (argParse)] dset = "protein" (std::string)
[..-lab/PA3/src/data.cu:5 (load_graph)] loading
[..ab/PA3/test/main.cpp:17 (main)] kLen = 256 (int)
[==========] Running 3 tests from 1 test suite.
[----------] Global test environment set-up.
[----------] 3 tests from SpMMTest
[ RUN      ] SpMMTest.validation
[       OK ] SpMMTest.validation (7240 ms)
[ RUN      ] SpMMTest.cusparse_performance
[..A3/test/test_spmm.cu:62 (TestBody)] time = 0.0808309 (double)
[       OK ] SpMMTest.cusparse_performance (2679 ms)
[ RUN      ] SpMMTest.opt_performance
[..A3/test/test_spmm.cu:71 (TestBody)] time = 0.0949241 (double)
[       OK ] SpMMTest.opt_performance (2900 ms)
[----------] 3 tests from SpMMTest (12820 ms total)

[----------] Global test environment tear-down
[==========] 3 tests from 1 test suite ran. (12820 ms total)
[  PASSED  ] 3 tests.
[..-lab/PA3/src/util.cu:74 (argParse)] dset = "ppa" (std::string)
[..-lab/PA3/src/data.cu:5 (load_graph)] loading
[..ab/PA3/test/main.cpp:17 (main)] kLen = 32 (int)
[==========] Running 3 tests from 1 test suite.
[----------] Global test environment set-up.
[----------] 3 tests from SpMMTest
[ RUN      ] SpMMTest.validation
[       OK ] SpMMTest.validation (482 ms)
[ RUN      ] SpMMTest.cusparse_performance
[..A3/test/test_spmm.cu:62 (TestBody)] time = 0.0183808 (double)
[       OK ] SpMMTest.cusparse_performance (781 ms)
[ RUN      ] SpMMTest.opt_performance
[..A3/test/test_spmm.cu:71 (TestBody)] time = 0.010288 (double)
[       OK ] SpMMTest.opt_performance (339 ms)
[----------] 3 tests from SpMMTest (1604 ms total)

[----------] Global test environment tear-down
[==========] 3 tests from 1 test suite ran. (1604 ms total)
[  PASSED  ] 3 tests.
[..-lab/PA3/src/util.cu:74 (argParse)] dset = "ppa" (std::string)
[..-lab/PA3/src/data.cu:5 (load_graph)] loading
[..ab/PA3/test/main.cpp:17 (main)] kLen = 256 (int)
[==========] Running 3 tests from 1 test suite.
[----------] Global test environment set-up.
[----------] 3 tests from SpMMTest
[ RUN      ] SpMMTest.validation
[       OK ] SpMMTest.validation (3878 ms)
[ RUN      ] SpMMTest.cusparse_performance
[..A3/test/test_spmm.cu:62 (TestBody)] time = 0.0848871 (double)
[       OK ] SpMMTest.cusparse_performance (2814 ms)
[ RUN      ] SpMMTest.opt_performance
[..A3/test/test_spmm.cu:71 (TestBody)] time = 0.0838227 (double)
[       OK ] SpMMTest.opt_performance (2585 ms)
[----------] 3 tests from SpMMTest (9277 ms total)

[----------] Global test environment tear-down
[==========] 3 tests from 1 test suite ran. (9277 ms total)
[  PASSED  ] 3 tests.
[..-lab/PA3/src/util.cu:74 (argParse)] dset = "reddit.dgl" (std::string)
[..-lab/PA3/src/data.cu:5 (load_graph)] loading
[..ab/PA3/test/main.cpp:17 (main)] kLen = 32 (int)
[==========] Running 3 tests from 1 test suite.
[----------] Global test environment set-up.
[----------] 3 tests from SpMMTest
[ RUN      ] SpMMTest.validation
[       OK ] SpMMTest.validation (1157 ms)
[ RUN      ] SpMMTest.cusparse_performance
[..A3/test/test_spmm.cu:62 (TestBody)] time = 0.0485251 (double)
[       OK ] SpMMTest.cusparse_performance (1705 ms)
[ RUN      ] SpMMTest.opt_performance
[..A3/test/test_spmm.cu:71 (TestBody)] time = 0.0218445 (double)
[       OK ] SpMMTest.opt_performance (706 ms)
[----------] 3 tests from SpMMTest (3570 ms total)

[----------] Global test environment tear-down
[==========] 3 tests from 1 test suite ran. (3570 ms total)
[  PASSED  ] 3 tests.
[..-lab/PA3/src/util.cu:74 (argParse)] dset = "reddit.dgl" (std::string)
[..-lab/PA3/src/data.cu:5 (load_graph)] loading
[..ab/PA3/test/main.cpp:17 (main)] kLen = 256 (int)
[==========] Running 3 tests from 1 test suite.
[----------] Global test environment set-up.
[----------] 3 tests from SpMMTest
[ RUN      ] SpMMTest.validation
[       OK ] SpMMTest.validation (10262 ms)
[ RUN      ] SpMMTest.cusparse_performance
[..A3/test/test_spmm.cu:62 (TestBody)] time = 0.202314 (double)
[       OK ] SpMMTest.cusparse_performance (6343 ms)
[ RUN      ] SpMMTest.opt_performance
[..A3/test/test_spmm.cu:71 (TestBody)] time = 0.207336 (double)
[       OK ] SpMMTest.opt_performance (6288 ms)
[----------] 3 tests from SpMMTest (22895 ms total)

[----------] Global test environment tear-down
[==========] 3 tests from 1 test suite ran. (22895 ms total)
[  PASSED  ] 3 tests.
[..-lab/PA3/src/util.cu:74 (argParse)] dset = "products" (std::string)
[..-lab/PA3/src/data.cu:5 (load_graph)] loading
[..ab/PA3/test/main.cpp:17 (main)] kLen = 32 (int)
[==========] Running 3 tests from 1 test suite.
[----------] Global test environment set-up.
[----------] 3 tests from SpMMTest
[ RUN      ] SpMMTest.validation
[       OK ] SpMMTest.validation (1433 ms)
[ RUN      ] SpMMTest.cusparse_performance
[..A3/test/test_spmm.cu:62 (TestBody)] time = 0.055852 (double)
[       OK ] SpMMTest.cusparse_performance (1958 ms)
[ RUN      ] SpMMTest.opt_performance
[..A3/test/test_spmm.cu:71 (TestBody)] time = 0.031982 (double)
[       OK ] SpMMTest.opt_performance (1037 ms)
[----------] 3 tests from SpMMTest (4428 ms total)

[----------] Global test environment tear-down
[==========] 3 tests from 1 test suite ran. (4428 ms total)
[  PASSED  ] 3 tests.
[..-lab/PA3/src/util.cu:74 (argParse)] dset = "products" (std::string)
[..-lab/PA3/src/data.cu:5 (load_graph)] loading
[..ab/PA3/test/main.cpp:17 (main)] kLen = 256 (int)
[==========] Running 3 tests from 1 test suite.
[----------] Global test environment set-up.
[----------] 3 tests from SpMMTest
[ RUN      ] SpMMTest.validation
[       OK ] SpMMTest.validation (11327 ms)
[ RUN      ] SpMMTest.cusparse_performance
[..A3/test/test_spmm.cu:62 (TestBody)] time = 0.258435 (double)
[       OK ] SpMMTest.cusparse_performance (8215 ms)
[ RUN      ] SpMMTest.opt_performance
[..A3/test/test_spmm.cu:71 (TestBody)] time = 0.249708 (double)
[       OK ] SpMMTest.opt_performance (7731 ms)
[----------] 3 tests from SpMMTest (27274 ms total)

[----------] Global test environment tear-down
[==========] 3 tests from 1 test suite ran. (27274 ms total)
[  PASSED  ] 3 tests.
[..-lab/PA3/src/util.cu:74 (argParse)] dset = "youtube" (std::string)
[..-lab/PA3/src/data.cu:5 (load_graph)] loading
[..ab/PA3/test/main.cpp:17 (main)] kLen = 32 (int)
[==========] Running 3 tests from 1 test suite.
[----------] Global test environment set-up.
[----------] 3 tests from SpMMTest
[ RUN      ] SpMMTest.validation
[       OK ] SpMMTest.validation (168 ms)
[ RUN      ] SpMMTest.cusparse_performance
[..A3/test/test_spmm.cu:62 (TestBody)] time = 0.00364954 (double)
[       OK ] SpMMTest.cusparse_performance (344 ms)
[ RUN      ] SpMMTest.opt_performance
[..A3/test/test_spmm.cu:71 (TestBody)] time = 0.00387554 (double)
[       OK ] SpMMTest.opt_performance (138 ms)
[----------] 3 tests from SpMMTest (651 ms total)

[----------] Global test environment tear-down
[==========] 3 tests from 1 test suite ran. (651 ms total)
[  PASSED  ] 3 tests.
[..-lab/PA3/src/util.cu:74 (argParse)] dset = "youtube" (std::string)
[..-lab/PA3/src/data.cu:5 (load_graph)] loading
[..ab/PA3/test/main.cpp:17 (main)] kLen = 256 (int)
[==========] Running 3 tests from 1 test suite.
[----------] Global test environment set-up.
[----------] 3 tests from SpMMTest
[ RUN      ] SpMMTest.validation
[       OK ] SpMMTest.validation (1257 ms)
[ RUN      ] SpMMTest.cusparse_performance
[..A3/test/test_spmm.cu:62 (TestBody)] time = 0.0144326 (double)
[       OK ] SpMMTest.cusparse_performance (722 ms)
[ RUN      ] SpMMTest.opt_performance
[..A3/test/test_spmm.cu:71 (TestBody)] time = 0.0151817 (double)
[       OK ] SpMMTest.opt_performance (526 ms)
[----------] 3 tests from SpMMTest (2506 ms total)

[----------] Global test environment tear-down
[==========] 3 tests from 1 test suite ran. (2506 ms total)
[  PASSED  ] 3 tests.
[..-lab/PA3/src/util.cu:74 (argParse)] dset = "amazon_cogdl" (std::string)
[..-lab/PA3/src/data.cu:5 (load_graph)] loading
[..ab/PA3/test/main.cpp:17 (main)] kLen = 32 (int)
[==========] Running 3 tests from 1 test suite.
[----------] Global test environment set-up.
[----------] 3 tests from SpMMTest
[ RUN      ] SpMMTest.validation
[       OK ] SpMMTest.validation (2614 ms)
[ RUN      ] SpMMTest.cusparse_performance
[..A3/test/test_spmm.cu:62 (TestBody)] time = 0.125324 (double)
[       OK ] SpMMTest.cusparse_performance (4076 ms)
[ RUN      ] SpMMTest.opt_performance
[..A3/test/test_spmm.cu:71 (TestBody)] time = 0.0547888 (double)
[       OK ] SpMMTest.opt_performance (1733 ms)
[----------] 3 tests from SpMMTest (8425 ms total)

[----------] Global test environment tear-down
[==========] 3 tests from 1 test suite ran. (8425 ms total)
[  PASSED  ] 3 tests.
[..-lab/PA3/src/util.cu:74 (argParse)] dset = "amazon_cogdl" (std::string)
[..-lab/PA3/src/data.cu:5 (load_graph)] loading
[..ab/PA3/test/main.cpp:17 (main)] kLen = 256 (int)
[==========] Running 3 tests from 1 test suite.
[----------] Global test environment set-up.
[----------] 3 tests from SpMMTest
[ RUN      ] SpMMTest.validation
[       OK ] SpMMTest.validation (22168 ms)
[ RUN      ] SpMMTest.cusparse_performance
[..A3/test/test_spmm.cu:62 (TestBody)] time = 0.517827 (double)
[       OK ] SpMMTest.cusparse_performance (15901 ms)
[ RUN      ] SpMMTest.opt_performance
[..A3/test/test_spmm.cu:71 (TestBody)] time = 0.492391 (double)
[       OK ] SpMMTest.opt_performance (14905 ms)
[----------] 3 tests from SpMMTest (52974 ms total)

[----------] Global test environment tear-down
[==========] 3 tests from 1 test suite ran. (52975 ms total)
[  PASSED  ] 3 tests.
[..-lab/PA3/src/util.cu:74 (argParse)] dset = "yelp" (std::string)
[..-lab/PA3/src/data.cu:5 (load_graph)] loading
[..ab/PA3/test/main.cpp:17 (main)] kLen = 32 (int)
[==========] Running 3 tests from 1 test suite.
[----------] Global test environment set-up.
[----------] 3 tests from SpMMTest
[ RUN      ] SpMMTest.validation
[       OK ] SpMMTest.validation (163 ms)
[ RUN      ] SpMMTest.cusparse_performance
[..A3/test/test_spmm.cu:62 (TestBody)] time = 0.00658241 (double)
[       OK ] SpMMTest.cusparse_performance (418 ms)
[ RUN      ] SpMMTest.opt_performance
[..A3/test/test_spmm.cu:71 (TestBody)] time = 0.00363326 (double)
[       OK ] SpMMTest.opt_performance (128 ms)
[----------] 3 tests from SpMMTest (710 ms total)

[----------] Global test environment tear-down
[==========] 3 tests from 1 test suite ran. (711 ms total)
[  PASSED  ] 3 tests.
[..-lab/PA3/src/util.cu:74 (argParse)] dset = "yelp" (std::string)
[..-lab/PA3/src/data.cu:5 (load_graph)] loading
[..ab/PA3/test/main.cpp:17 (main)] kLen = 256 (int)
[==========] Running 3 tests from 1 test suite.
[----------] Global test environment set-up.
[----------] 3 tests from SpMMTest
[ RUN      ] SpMMTest.validation
[       OK ] SpMMTest.validation (1344 ms)
[ RUN      ] SpMMTest.cusparse_performance
[..A3/test/test_spmm.cu:62 (TestBody)] time = 0.0300089 (double)
[       OK ] SpMMTest.cusparse_performance (1162 ms)
[ RUN      ] SpMMTest.opt_performance
[..A3/test/test_spmm.cu:71 (TestBody)] time = 0.0294088 (double)
[       OK ] SpMMTest.opt_performance (942 ms)
[----------] 3 tests from SpMMTest (3450 ms total)

[----------] Global test environment tear-down
[==========] 3 tests from 1 test suite ran. (3450 ms total)
[  PASSED  ] 3 tests.
[..-lab/PA3/src/util.cu:74 (argParse)] dset = "wikikg2" (std::string)
[..-lab/PA3/src/data.cu:5 (load_graph)] loading
[..ab/PA3/test/main.cpp:17 (main)] kLen = 32 (int)
[==========] Running 3 tests from 1 test suite.
[----------] Global test environment set-up.
[----------] 3 tests from SpMMTest
[ RUN      ] SpMMTest.validation
[       OK ] SpMMTest.validation (82 ms)
[ RUN      ] SpMMTest.cusparse_performance
[..A3/test/test_spmm.cu:62 (TestBody)] time = 0.00715701 (double)
[       OK ] SpMMTest.cusparse_performance (461 ms)
[ RUN      ] SpMMTest.opt_performance
[..A3/test/test_spmm.cu:71 (TestBody)] time = 0.00451112 (double)
[       OK ] SpMMTest.opt_performance (175 ms)
[----------] 3 tests from SpMMTest (719 ms total)

[----------] Global test environment tear-down
[==========] 3 tests from 1 test suite ran. (719 ms total)
[  PASSED  ] 3 tests.
[..-lab/PA3/src/util.cu:74 (argParse)] dset = "wikikg2" (std::string)
[..-lab/PA3/src/data.cu:5 (load_graph)] loading
[..ab/PA3/test/main.cpp:17 (main)] kLen = 256 (int)
[==========] Running 3 tests from 1 test suite.
[----------] Global test environment set-up.
[----------] 3 tests from SpMMTest
[ RUN      ] SpMMTest.validation
[       OK ] SpMMTest.validation (573 ms)
[ RUN      ] SpMMTest.cusparse_performance
[..A3/test/test_spmm.cu:62 (TestBody)] time = 0.0167468 (double)
[       OK ] SpMMTest.cusparse_performance (843 ms)
[ RUN      ] SpMMTest.opt_performance
[..A3/test/test_spmm.cu:71 (TestBody)] time = 0.0145552 (double)
[       OK ] SpMMTest.opt_performance (647 ms)
[----------] 3 tests from SpMMTest (2064 ms total)

[----------] Global test environment tear-down
[==========] 3 tests from 1 test suite ran. (2064 ms total)
[  PASSED  ] 3 tests.
[..-lab/PA3/src/util.cu:74 (argParse)] dset = "am" (std::string)
[..-lab/PA3/src/data.cu:5 (load_graph)] loading
[..ab/PA3/test/main.cpp:17 (main)] kLen = 32 (int)
[==========] Running 3 tests from 1 test suite.
[----------] Global test environment set-up.
[----------] 3 tests from SpMMTest
[ RUN      ] SpMMTest.validation
[       OK ] SpMMTest.validation (623 ms)
[ RUN      ] SpMMTest.cusparse_performance
[..A3/test/test_spmm.cu:62 (TestBody)] time = 0.00374116 (double)
[       OK ] SpMMTest.cusparse_performance (334 ms)
[ RUN      ] SpMMTest.opt_performance
[..A3/test/test_spmm.cu:71 (TestBody)] time = 0.0170749 (double)
[       OK ] SpMMTest.opt_performance (529 ms)
[----------] 3 tests from SpMMTest (1486 ms total)

[----------] Global test environment tear-down
[==========] 3 tests from 1 test suite ran. (1487 ms total)
[  PASSED  ] 3 tests.
[..-lab/PA3/src/util.cu:74 (argParse)] dset = "am" (std::string)
[..-lab/PA3/src/data.cu:5 (load_graph)] loading
[..ab/PA3/test/main.cpp:17 (main)] kLen = 256 (int)
[==========] Running 3 tests from 1 test suite.
[----------] Global test environment set-up.
[----------] 3 tests from SpMMTest
[ RUN      ] SpMMTest.validation
[       OK ] SpMMTest.validation (4988 ms)
[ RUN      ] SpMMTest.cusparse_performance
[..A3/test/test_spmm.cu:62 (TestBody)] time = 0.0134054 (double)
[       OK ] SpMMTest.cusparse_performance (672 ms)
[ RUN      ] SpMMTest.opt_performance
[..A3/test/test_spmm.cu:71 (TestBody)] time = 0.0416977 (double)
[       OK ] SpMMTest.opt_performance (1314 ms)
[----------] 3 tests from SpMMTest (6975 ms total)

[----------] Global test environment tear-down
[==========] 3 tests from 1 test suite ran. (6975 ms total)
[  PASSED  ] 3 tests.
