threads_spec: cpu
Using CPUID GenuineIntel-6-4F-1
DEBUGINFOD_URLS=
Compression enabled, disabling build id collection at the end of the session.
nr_threads: 28
thread_masks[0]: 0x55aa65e61bb0: maps mask[28]: 0
thread_masks[0]: 0x55aa65e61bc0: affinity mask[28]: 0
thread_masks[1]: 0x55aa65e61bd0: maps mask[28]: 1
thread_masks[1]: 0x55aa65e61be0: affinity mask[28]: 1
thread_masks[2]: 0x55aa65e61bf0: maps mask[28]: 2
thread_masks[2]: 0x55aa65e61c00: affinity mask[28]: 2
thread_masks[3]: 0x55aa65e61c10: maps mask[28]: 3
thread_masks[3]: 0x55aa65e61c20: affinity mask[28]: 3
thread_masks[4]: 0x55aa65e61c30: maps mask[28]: 4
thread_masks[4]: 0x55aa65e61c40: affinity mask[28]: 4
thread_masks[5]: 0x55aa65e61c50: maps mask[28]: 5
thread_masks[5]: 0x55aa65e61c60: affinity mask[28]: 5
thread_masks[6]: 0x55aa65e61c70: maps mask[28]: 6
thread_masks[6]: 0x55aa65e61c80: affinity mask[28]: 6
thread_masks[7]: 0x55aa65e61c90: maps mask[28]: 7
thread_masks[7]: 0x55aa65e61ca0: affinity mask[28]: 7
thread_masks[8]: 0x55aa65e61cb0: maps mask[28]: 8
thread_masks[8]: 0x55aa65e61cc0: affinity mask[28]: 8
thread_masks[9]: 0x55aa65e61cd0: maps mask[28]: 9
thread_masks[9]: 0x55aa65e61ce0: affinity mask[28]: 9
thread_masks[10]: 0x55aa65e61cf0: maps mask[28]: 10
thread_masks[10]: 0x55aa65e61d00: affinity mask[28]: 10
thread_masks[11]: 0x55aa65e61d10: maps mask[28]: 11
thread_masks[11]: 0x55aa65e61d20: affinity mask[28]: 11
thread_masks[12]: 0x55aa65e61d30: maps mask[28]: 12
thread_masks[12]: 0x55aa65e61d40: affinity mask[28]: 12
thread_masks[13]: 0x55aa65e61d50: maps mask[28]: 13
thread_masks[13]: 0x55aa65e61d60: affinity mask[28]: 13
thread_masks[14]: 0x55aa65e61d70: maps mask[28]: 14
thread_masks[14]: 0x55aa65e61d80: affinity mask[28]: 14
thread_masks[15]: 0x55aa65e61d90: maps mask[28]: 15
thread_masks[15]: 0x55aa65e61da0: affinity mask[28]: 15
thread_masks[16]: 0x55aa65e61db0: maps mask[28]: 16
thread_masks[16]: 0x55aa65e61dc0: affinity mask[28]: 16
thread_masks[17]: 0x55aa65e61dd0: maps mask[28]: 17
thread_masks[17]: 0x55aa65e61de0: affinity mask[28]: 17
thread_masks[18]: 0x55aa65e61df0: maps mask[28]: 18
thread_masks[18]: 0x55aa65e61e00: affinity mask[28]: 18
thread_masks[19]: 0x55aa65e61e10: maps mask[28]: 19
thread_masks[19]: 0x55aa65e61e20: affinity mask[28]: 19
thread_masks[20]: 0x55aa65e61e30: maps mask[28]: 20
thread_masks[20]: 0x55aa65e61e40: affinity mask[28]: 20
thread_masks[21]: 0x55aa65e61e50: maps mask[28]: 21
thread_masks[21]: 0x55aa65e61e60: affinity mask[28]: 21
thread_masks[22]: 0x55aa65e61e70: maps mask[28]: 22
thread_masks[22]: 0x55aa65e61e80: affinity mask[28]: 22
thread_masks[23]: 0x55aa65e61e90: maps mask[28]: 23
thread_masks[23]: 0x55aa65e61ea0: affinity mask[28]: 23
thread_masks[24]: 0x55aa65e61eb0: maps mask[28]: 24
thread_masks[24]: 0x55aa65e61ec0: affinity mask[28]: 24
thread_masks[25]: 0x55aa65e61ed0: maps mask[28]: 25
thread_masks[25]: 0x55aa65e61ee0: affinity mask[28]: 25
thread_masks[26]: 0x55aa65e61ef0: maps mask[28]: 26
thread_masks[26]: 0x55aa65e61f00: affinity mask[28]: 26
thread_masks[27]: 0x55aa65e61f10: maps mask[28]: 27
thread_masks[27]: 0x55aa65e61f20: affinity mask[28]: 27
nr_cblocks: 0
affinity: SYS
mmap flush: 1
comp level: 1
mmap size 528384B
couldn't open /proc/1/task/1/maps
couldn't open /proc/606/task/606/maps
couldn't open /proc/648/task/648/maps
couldn't open /proc/761/task/761/maps
couldn't open /proc/763/task/763/maps
couldn't open /proc/946/task/946/maps
couldn't open /proc/960/task/960/maps
couldn't open /proc/963/task/963/maps
couldn't open /proc/976/task/976/maps
couldn't open /proc/985/task/985/maps
couldn't open /proc/999/task/999/maps
couldn't open /proc/1125/task/1125/maps
couldn't open /proc/1135/task/1135/maps
couldn't open /proc/1136/task/1136/maps
couldn't open /proc/1137/task/1137/maps
couldn't open /proc/1138/task/1138/maps
couldn't open /proc/1143/task/1143/maps
couldn't open /proc/1153/task/1153/maps
couldn't open /proc/1159/task/1159/maps
couldn't open /proc/1177/task/1177/maps
couldn't open /proc/3876365/task/3876365/maps
couldn't open /proc/3876369/task/3876369/maps
couldn't open /proc/3876372/task/3876372/maps
couldn't open /proc/3876383/task/3876383/maps
couldn't open /proc/3877287/task/3877287/maps
couldn't open /proc/3877291/task/3877291/maps
couldn't open /proc/3877294/task/3877294/maps
couldn't open /proc/3877303/task/3877303/maps
couldn't open /proc/3877304/task/3877304/maps
couldn't open /proc/3877305/task/3877305/maps
couldn't open /proc/3877306/task/3877306/maps
couldn't open /proc/3877308/task/3877308/maps
couldn't open /proc/3877309/task/3877309/maps
couldn't open /proc/3877310/task/3877310/maps
couldn't open /proc/3877544/task/3877544/maps
couldn't open /proc/3877548/task/3877548/maps
couldn't open /proc/3877551/task/3877551/maps
couldn't open /proc/3877553/task/3877553/maps
couldn't open /proc/3877558/task/3877558/maps
couldn't open /proc/3877560/task/3877560/maps
couldn't open /proc/3877562/task/3877562/maps
couldn't open /proc/3877635/task/3877635/maps
couldn't open /proc/3877644/task/3877644/maps
couldn't open /proc/3877645/task/3877645/maps
couldn't open /proc/3877674/task/3877674/maps
couldn't open /proc/3877677/task/3877677/maps
couldn't open /proc/3877678/task/3877678/maps
couldn't open /proc/3877681/task/3877681/maps
couldn't open /proc/3877682/task/3877682/maps
couldn't open /proc/3877685/task/3877685/maps
couldn't open /proc/3877686/task/3877686/maps
couldn't open /proc/3877689/task/3877689/maps
couldn't open /proc/3877690/task/3877690/maps
couldn't open /proc/3877693/task/3877693/maps
couldn't open /proc/3877694/task/3877694/maps
couldn't open /proc/3877697/task/3877697/maps
couldn't open /proc/3877698/task/3877698/maps
couldn't open /proc/3877699/task/3877699/maps
couldn't open /proc/3877700/task/3877700/maps
couldn't open /proc/3877701/task/3877701/maps
couldn't open /proc/3877704/task/3877704/maps
couldn't open /proc/3877714/task/3877714/maps
couldn't open /proc/3877876/task/3877876/maps
couldn't open /proc/3877877/task/3877877/maps
couldn't open /proc/3878158/task/3878158/maps
couldn't open /proc/3878162/task/3878162/maps
couldn't open /proc/3878165/task/3878165/maps
couldn't open /proc/3878174/task/3878174/maps
couldn't open /proc/3878175/task/3878175/maps
couldn't open /proc/3878176/task/3878176/maps
couldn't open /proc/3878177/task/3878177/maps
couldn't open /proc/3878178/task/3878178/maps
couldn't open /proc/3878179/task/3878179/maps
couldn't open /proc/3878180/task/3878180/maps
couldn't open /proc/3878181/task/3878181/maps
couldn't open /proc/3878425/task/3878425/maps
couldn't open /proc/3878430/task/3878430/maps
couldn't open /proc/3878432/task/3878432/maps
couldn't open /proc/3878434/task/3878434/maps
couldn't open /proc/3878441/task/3878441/maps
couldn't open /proc/3878445/task/3878445/maps
couldn't open /proc/3878448/task/3878448/maps
couldn't open /proc/3878451/task/3878451/maps
couldn't open /proc/3878521/task/3878521/maps
couldn't open /proc/3878531/task/3878531/maps
couldn't open /proc/3878536/task/3878536/maps
couldn't open /proc/3878565/task/3878565/maps
couldn't open /proc/3878568/task/3878568/maps
couldn't open /proc/3878569/task/3878569/maps
couldn't open /proc/3878570/task/3878570/maps
couldn't open /proc/3878573/task/3878573/maps
couldn't open /proc/3878576/task/3878576/maps
couldn't open /proc/3878577/task/3878577/maps
couldn't open /proc/3878580/task/3878580/maps
couldn't open /proc/3878581/task/3878581/maps
couldn't open /proc/3878584/task/3878584/maps
couldn't open /proc/3878585/task/3878585/maps
couldn't open /proc/3878588/task/3878588/maps
couldn't open /proc/3878589/task/3878589/maps
couldn't open /proc/3878592/task/3878592/maps
couldn't open /proc/3878593/task/3878593/maps
couldn't open /proc/3878594/task/3878594/maps
couldn't open /proc/3878595/task/3878595/maps
couldn't open /proc/3878596/task/3878596/maps
couldn't open /proc/3878610/task/3878610/maps
couldn't open /proc/3878615/task/3878615/maps
couldn't open /proc/3878620/task/3878620/maps
couldn't open /proc/3878819/task/3878819/maps
couldn't open /proc/3878824/task/3878824/maps
couldn't open /proc/3878827/task/3878827/maps
threads[3879291]: started on cpu1
threads[3879292]: started on cpu2
threads[3879293]: started on cpu3
threads[3879295]: started on cpu4
threads[3879296]: started on cpu5
threads[3879300]: started on cpu6
threads[3879304]: started on cpu7
threads[3879305]: started on cpu8
threads[3879306]: started on cpu9
threads[3879307]: started on cpu10
threads[3879308]: started on cpu11
threads[3879309]: started on cpu12
threads[3879312]: started on cpu13
threads[3879320]: started on cpu14
threads[3879321]: started on cpu15
threads[3879322]: started on cpu16
threads[3879323]: started on cpu17
threads[3879324]: started on cpu18
threads[3879325]: started on cpu19
threads[3879326]: started on cpu20
threads[3879327]: started on cpu21
threads[3879328]: started on cpu22
threads[3879329]: started on cpu23
threads[3879330]: started on cpu24
threads[3879331]: started on cpu25
threads[3879332]: started on cpu26
threads[3879333]: started on cpu27
threads[3879229]: started on cpu0

3879251:perf-sync:ready:SYS=3640141614167242
[ perf record: Woken up 1 times to write data ]
threads[3879229]: samples=2, wakes=1, transferred=50760, compressed=6047
threads[3879291]: samples=1, wakes=2, transferred=4576, compressed=912
threads[3879292]: samples=1, wakes=2, transferred=25848, compressed=3100
threads[3879293]: samples=1, wakes=2, transferred=44384, compressed=5409
threads[3879295]: samples=1, wakes=2, transferred=135880, compressed=14873
threads[3879296]: samples=1, wakes=2, transferred=19440, compressed=1455
threads[3879300]: samples=1, wakes=2, transferred=69440, compressed=8115
threads[3879304]: samples=1, wakes=2, transferred=12888, compressed=2050
threads[3879305]: samples=2, wakes=2, transferred=9928, compressed=1725
threads[3879306]: samples=2, wakes=2, transferred=18576, compressed=2482
threads[3879307]: samples=1, wakes=2, transferred=400, compressed=157
threads[3879308]: samples=2, wakes=2, transferred=3456, compressed=592
threads[3879309]: samples=1, wakes=2, transferred=93328, compressed=8797
threads[3879312]: samples=1, wakes=2, transferred=15736, compressed=1894
threads[3879320]: samples=2, wakes=2, transferred=2608, compressed=538
threads[3879321]: samples=2, wakes=2, transferred=45664, compressed=5076
threads[3879322]: samples=1, wakes=2, transferred=91888, compressed=10021
threads[3879323]: samples=1, wakes=2, transferred=25560, compressed=3548
threads[3879324]: samples=1, wakes=2, transferred=183224, compressed=18141
threads[3879325]: samples=1, wakes=2, transferred=48208, compressed=5049
threads[3879326]: samples=1, wakes=2, transferred=43904, compressed=5633
threads[3879327]: samples=2, wakes=2, transferred=42136, compressed=5139
threads[3879328]: samples=1, wakes=2, transferred=123080, compressed=11339
threads[3879329]: samples=2, wakes=2, transferred=49816, compressed=5860
threads[3879330]: samples=2, wakes=2, transferred=92416, compressed=10290
threads[3879331]: samples=2, wakes=2, transferred=28472, compressed=2744
threads[3879332]: samples=2, wakes=2, transferred=99592, compressed=10696
threads[3879333]: samples=2, wakes=2, transferred=56760, compressed=7088
read LOST count failed
read LOST count failed
read LOST count failed
read LOST count failed
read LOST count failed
read LOST count failed
read LOST count failed
read LOST count failed
read LOST count failed
read LOST count failed
read LOST count failed
read LOST count failed
read LOST count failed
read LOST count failed
read LOST count failed
read LOST count failed
read LOST count failed
read LOST count failed
read LOST count failed
read LOST count failed
read LOST count failed
read LOST count failed
read LOST count failed
read LOST count failed
read LOST count failed
read LOST count failed
read LOST count failed
read LOST count failed
read LOST count failed
read LOST count failed
read LOST count failed
read LOST count failed
read LOST count failed
read LOST count failed
read LOST count failed
read LOST count failed
read LOST count failed
read LOST count failed
read LOST count failed
read LOST count failed
read LOST count failed
read LOST count failed
read LOST count failed
read LOST count failed
read LOST count failed
read LOST count failed
read LOST count failed
read LOST count failed
read LOST count failed
read LOST count failed
read LOST count failed
read LOST count failed
read LOST count failed
read LOST count failed
read LOST count failed
read LOST count failed
read LOST count failed
read LOST count failed
read LOST count failed
read LOST count failed
read LOST count failed
read LOST count failed
read LOST count failed
read LOST count failed
read LOST count failed
read LOST count failed
read LOST count failed
read LOST count failed
read LOST count failed
read LOST count failed
read LOST count failed
read LOST count failed
read LOST count failed
read LOST count failed
read LOST count failed
read LOST count failed
read LOST count failed
read LOST count failed
read LOST count failed
read LOST count failed
read LOST count failed
read LOST count failed
read LOST count failed
read LOST count failed
failed to write feature HYBRID_TOPOLOGY
[ perf record: Captured and wrote 1.326 MB /home/course/hpc/users/2021012702/hpc-lab/exp8/results/uarch-exploration.conv1/data.6/system-wide.perf, compressed (original 1.371 MB, ratio is 9.057) ]
