threads_spec: cpu
Using CPUID GenuineIntel-6-4F-1
DEBUGINFOD_URLS=
Compression enabled, disabling build id collection at the end of the session.
nr_threads: 28
thread_masks[0]: 0x557b978c8bb0: maps mask[28]: 0
thread_masks[0]: 0x557b978c8bc0: affinity mask[28]: 0
thread_masks[1]: 0x557b978c8bd0: maps mask[28]: 1
thread_masks[1]: 0x557b978c8be0: affinity mask[28]: 1
thread_masks[2]: 0x557b978c8bf0: maps mask[28]: 2
thread_masks[2]: 0x557b978c8c00: affinity mask[28]: 2
thread_masks[3]: 0x557b978c8c10: maps mask[28]: 3
thread_masks[3]: 0x557b978c8c20: affinity mask[28]: 3
thread_masks[4]: 0x557b978c8c30: maps mask[28]: 4
thread_masks[4]: 0x557b978c8c40: affinity mask[28]: 4
thread_masks[5]: 0x557b978c8c50: maps mask[28]: 5
thread_masks[5]: 0x557b978c8c60: affinity mask[28]: 5
thread_masks[6]: 0x557b978c8c70: maps mask[28]: 6
thread_masks[6]: 0x557b978c8c80: affinity mask[28]: 6
thread_masks[7]: 0x557b978c8c90: maps mask[28]: 7
thread_masks[7]: 0x557b978c8ca0: affinity mask[28]: 7
thread_masks[8]: 0x557b978c8cb0: maps mask[28]: 8
thread_masks[8]: 0x557b978c8cc0: affinity mask[28]: 8
thread_masks[9]: 0x557b978c8cd0: maps mask[28]: 9
thread_masks[9]: 0x557b978c8ce0: affinity mask[28]: 9
thread_masks[10]: 0x557b978c8cf0: maps mask[28]: 10
thread_masks[10]: 0x557b978c8d00: affinity mask[28]: 10
thread_masks[11]: 0x557b978c8d10: maps mask[28]: 11
thread_masks[11]: 0x557b978c8d20: affinity mask[28]: 11
thread_masks[12]: 0x557b978c8d30: maps mask[28]: 12
thread_masks[12]: 0x557b978c8d40: affinity mask[28]: 12
thread_masks[13]: 0x557b978c8d50: maps mask[28]: 13
thread_masks[13]: 0x557b978c8d60: affinity mask[28]: 13
thread_masks[14]: 0x557b978c8d70: maps mask[28]: 14
thread_masks[14]: 0x557b978c8d80: affinity mask[28]: 14
thread_masks[15]: 0x557b978c8d90: maps mask[28]: 15
thread_masks[15]: 0x557b978c8da0: affinity mask[28]: 15
thread_masks[16]: 0x557b978c8db0: maps mask[28]: 16
thread_masks[16]: 0x557b978c8dc0: affinity mask[28]: 16
thread_masks[17]: 0x557b978c8dd0: maps mask[28]: 17
thread_masks[17]: 0x557b978c8de0: affinity mask[28]: 17
thread_masks[18]: 0x557b978c8df0: maps mask[28]: 18
thread_masks[18]: 0x557b978c8e00: affinity mask[28]: 18
thread_masks[19]: 0x557b978c8e10: maps mask[28]: 19
thread_masks[19]: 0x557b978c8e20: affinity mask[28]: 19
thread_masks[20]: 0x557b978c8e30: maps mask[28]: 20
thread_masks[20]: 0x557b978c8e40: affinity mask[28]: 20
thread_masks[21]: 0x557b978c8e50: maps mask[28]: 21
thread_masks[21]: 0x557b978c8e60: affinity mask[28]: 21
thread_masks[22]: 0x557b978c8e70: maps mask[28]: 22
thread_masks[22]: 0x557b978c8e80: affinity mask[28]: 22
thread_masks[23]: 0x557b978c8e90: maps mask[28]: 23
thread_masks[23]: 0x557b978c8ea0: affinity mask[28]: 23
thread_masks[24]: 0x557b978c8eb0: maps mask[28]: 24
thread_masks[24]: 0x557b978c8ec0: affinity mask[28]: 24
thread_masks[25]: 0x557b978c8ed0: maps mask[28]: 25
thread_masks[25]: 0x557b978c8ee0: affinity mask[28]: 25
thread_masks[26]: 0x557b978c8ef0: maps mask[28]: 26
thread_masks[26]: 0x557b978c8f00: affinity mask[28]: 26
thread_masks[27]: 0x557b978c8f10: maps mask[28]: 27
thread_masks[27]: 0x557b978c8f20: affinity mask[28]: 27
nr_cblocks: 0
affinity: SYS
mmap flush: 1
comp level: 1
mmap size 528384B
couldn't open /proc/1/task/1/maps
couldn't open /proc/606/task/606/maps
couldn't open /proc/648/task/648/maps
couldn't open /proc/761/task/761/maps
couldn't open /proc/763/task/763/maps
couldn't open /proc/946/task/946/maps
couldn't open /proc/960/task/960/maps
couldn't open /proc/963/task/963/maps
couldn't open /proc/976/task/976/maps
couldn't open /proc/985/task/985/maps
couldn't open /proc/999/task/999/maps
couldn't open /proc/1125/task/1125/maps
couldn't open /proc/1135/task/1135/maps
couldn't open /proc/1136/task/1136/maps
couldn't open /proc/1137/task/1137/maps
couldn't open /proc/1138/task/1138/maps
couldn't open /proc/1143/task/1143/maps
couldn't open /proc/1153/task/1153/maps
couldn't open /proc/1159/task/1159/maps
couldn't open /proc/1177/task/1177/maps
couldn't open /proc/3884803/task/3884803/maps
couldn't open /proc/3884807/task/3884807/maps
couldn't open /proc/3884810/task/3884810/maps
couldn't open /proc/3884922/task/3884922/maps
couldn't open /proc/3885053/task/3885053/maps
couldn't open /proc/3885077/task/3885077/maps
couldn't open /proc/3885128/task/3885128/maps
couldn't open /proc/3885252/task/3885252/maps
couldn't open /proc/3885253/task/3885253/maps
threads[3885374]: started on cpu1
threads[3885375]: started on cpu2
threads[3885376]: started on cpu3
threads[3885382]: started on cpu4
threads[3885399]: started on cpu5
threads[3885402]: started on cpu6
threads[3885417]: started on cpu7
threads[3885424]: started on cpu8
threads[3885426]: started on cpu9
threads[3885434]: started on cpu10
threads[3885439]: started on cpu11
threads[3885440]: started on cpu12
threads[3885441]: started on cpu13
threads[3885442]: started on cpu14
threads[3885443]: started on cpu15
threads[3885445]: started on cpu16
threads[3885447]: started on cpu17
threads[3885449]: started on cpu18
threads[3885451]: started on cpu19
threads[3885453]: started on cpu20
threads[3885455]: started on cpu21
threads[3885457]: started on cpu22
threads[3885459]: started on cpu23
threads[3885461]: started on cpu24
threads[3885464]: started on cpu25
threads[3885465]: started on cpu26
threads[3885467]: started on cpu27
threads[3885266]: started on cpu0

3885292:perf-sync:ready:SYS=3641229056252321
[ perf record: Woken up 1 times to write data ]
threads[3885266]: samples=2, wakes=1, transferred=71744, compressed=6618
threads[3885374]: samples=2, wakes=2, transferred=9664, compressed=1593
threads[3885375]: samples=2, wakes=2, transferred=66936, compressed=6518
threads[3885376]: samples=2, wakes=2, transferred=54632, compressed=6236
threads[3885382]: samples=2, wakes=2, transferred=29128, compressed=3489
threads[3885399]: samples=2, wakes=2, transferred=19456, compressed=2942
threads[3885402]: samples=1, wakes=2, transferred=976, compressed=309
threads[3885417]: samples=1, wakes=2, transferred=3704, compressed=728
threads[3885424]: samples=2, wakes=2, transferred=19568, compressed=2570
threads[3885426]: samples=1, wakes=2, transferred=928, compressed=307
threads[3885434]: samples=2, wakes=2, transferred=30400, compressed=3725
threads[3885439]: samples=2, wakes=2, transferred=35440, compressed=4663
threads[3885440]: samples=1, wakes=2, transferred=31128, compressed=3823
threads[3885441]: samples=2, wakes=2, transferred=74632, compressed=7540
threads[3885442]: samples=2, wakes=2, transferred=5152, compressed=867
threads[3885443]: samples=1, wakes=2, transferred=35240, compressed=2649
threads[3885445]: samples=2, wakes=2, transferred=17232, compressed=2559
threads[3885447]: samples=2, wakes=2, transferred=17560, compressed=2422
threads[3885449]: samples=2, wakes=2, transferred=59616, compressed=6673
threads[3885451]: samples=2, wakes=2, transferred=12096, compressed=1918
threads[3885453]: samples=2, wakes=2, transferred=32976, compressed=4049
threads[3885455]: samples=3, wakes=2, transferred=44584, compressed=3930
threads[3885457]: samples=2, wakes=2, transferred=4528, compressed=905
threads[3885459]: samples=2, wakes=2, transferred=81248, compressed=8175
threads[3885461]: samples=2, wakes=2, transferred=47592, compressed=4224
threads[3885464]: samples=2, wakes=2, transferred=70336, compressed=7105
threads[3885465]: samples=3, wakes=2, transferred=31808, compressed=4026
threads[3885467]: samples=2, wakes=2, transferred=101232, compressed=8259
read LOST count failed
read LOST count failed
read LOST count failed
read LOST count failed
read LOST count failed
read LOST count failed
read LOST count failed
read LOST count failed
read LOST count failed
read LOST count failed
read LOST count failed
read LOST count failed
read LOST count failed
read LOST count failed
read LOST count failed
read LOST count failed
read LOST count failed
read LOST count failed
read LOST count failed
read LOST count failed
read LOST count failed
read LOST count failed
read LOST count failed
read LOST count failed
read LOST count failed
read LOST count failed
read LOST count failed
read LOST count failed
read LOST count failed
read LOST count failed
read LOST count failed
read LOST count failed
read LOST count failed
read LOST count failed
read LOST count failed
read LOST count failed
read LOST count failed
read LOST count failed
read LOST count failed
read LOST count failed
read LOST count failed
read LOST count failed
read LOST count failed
read LOST count failed
read LOST count failed
read LOST count failed
read LOST count failed
read LOST count failed
read LOST count failed
read LOST count failed
read LOST count failed
read LOST count failed
read LOST count failed
read LOST count failed
read LOST count failed
read LOST count failed
read LOST count failed
read LOST count failed
read LOST count failed
read LOST count failed
read LOST count failed
read LOST count failed
read LOST count failed
read LOST count failed
read LOST count failed
read LOST count failed
read LOST count failed
read LOST count failed
read LOST count failed
read LOST count failed
read LOST count failed
read LOST count failed
read LOST count failed
read LOST count failed
read LOST count failed
read LOST count failed
read LOST count failed
read LOST count failed
read LOST count failed
read LOST count failed
read LOST count failed
read LOST count failed
read LOST count failed
read LOST count failed
failed to write feature HYBRID_TOPOLOGY
[ perf record: Captured and wrote 1.326 MB /home/course/hpc/users/2021012702/hpc-lab/exp8/results/uarch-exploration.conv1/data.6/system-wide.perf, compressed (original 0.963 MB, ratio is 9.277) ]
